<?xml version="1.0" encoding="UTF-8"?>
<coverage generated="1563026088490" clover="3.2.0">
  <project timestamp="1563026088490" name="All files">
    <metrics statements="169" coveredstatements="161" conditionals="48" coveredconditionals="36" methods="64" coveredmethods="57" elements="281" coveredelements="254" complexity="0" loc="169" ncloc="169" packages="10" files="16" classes="16"/>
    <package name="entity">
      <metrics statements="17" coveredstatements="17" conditionals="4" coveredconditionals="4" methods="7" coveredmethods="7"/>
      <file name="Entity.ts" path="C:\laragon\www\pipe-dream-core-ts\src\entity\Entity.ts">
        <metrics statements="2" coveredstatements="2" conditionals="0" coveredconditionals="0" methods="2" coveredmethods="2"/>
        <line num="1" count="2" type="stmt"/>
        <line num="4" count="2" type="stmt"/>
      </file>
      <file name="EntityTypeResolver.ts" path="C:\laragon\www\pipe-dream-core-ts\src\entity\EntityTypeResolver.ts">
        <metrics statements="11" coveredstatements="11" conditionals="2" coveredconditionals="2" methods="3" coveredmethods="3"/>
        <line num="2" count="2" type="stmt"/>
        <line num="3" count="2" type="stmt"/>
        <line num="4" count="2" type="stmt"/>
        <line num="5" count="2" type="stmt"/>
        <line num="7" count="2" type="stmt"/>
        <line num="20" count="2" type="stmt"/>
        <line num="44" count="2" type="stmt"/>
        <line num="45" count="23" type="stmt"/>
        <line num="46" count="69" type="cond" truecount="2" falsecount="0"/>
        <line num="48" count="23" type="stmt"/>
        <line num="50" count="2" type="stmt"/>
      </file>
      <file name="NotImplementedEntityType.ts" path="C:\laragon\www\pipe-dream-core-ts\src\entity\NotImplementedEntityType.ts">
        <metrics statements="4" coveredstatements="4" conditionals="2" coveredconditionals="2" methods="2" coveredmethods="2"/>
        <line num="1" count="2" type="stmt"/>
        <line num="8" count="2" type="stmt"/>
        <line num="10" count="23" type="cond" truecount="2" falsecount="0"/>
        <line num="12" count="2" type="stmt"/>
      </file>
    </package>
    <package name="file-loader">
      <metrics statements="11" coveredstatements="10" conditionals="6" coveredconditionals="4" methods="4" coveredmethods="4"/>
      <file name="index.ts" path="C:\laragon\www\pipe-dream-core-ts\src\file-loader\index.ts">
        <metrics statements="11" coveredstatements="10" conditionals="6" coveredconditionals="4" methods="4" coveredmethods="4"/>
        <line num="1" count="2" type="stmt"/>
        <line num="3" count="2" type="stmt"/>
        <line num="5" count="6" type="cond" truecount="1" falsecount="1"/>
        <line num="6" count="3" type="stmt"/>
        <line num="7" count="3" type="stmt"/>
        <line num="9" count="2" type="cond" truecount="2" falsecount="0"/>
        <line num="10" count="1" type="stmt"/>
        <line num="11" count="1" type="cond" truecount="1" falsecount="1"/>
        <line num="12" count="0" type="stmt"/>
        <line num="13" count="1" type="stmt"/>
        <line num="17" count="2" type="stmt"/>
      </file>
    </package>
    <package name="github-dump">
      <metrics statements="1" coveredstatements="1" conditionals="0" coveredconditionals="0" methods="0" coveredmethods="0"/>
      <file name="index.ts" path="C:\laragon\www\pipe-dream-core-ts\src\github-dump\index.ts">
        <metrics statements="1" coveredstatements="1" conditionals="0" coveredconditionals="0" methods="0" coveredmethods="0"/>
        <line num="1" count="3" type="stmt"/>
      </file>
    </package>
    <package name="interfaces">
      <metrics statements="2" coveredstatements="2" conditionals="0" coveredconditionals="0" methods="2" coveredmethods="2"/>
      <file name="ISerializable.ts" path="C:\laragon\www\pipe-dream-core-ts\src\interfaces\ISerializable.ts">
        <metrics statements="2" coveredstatements="2" conditionals="0" coveredconditionals="0" methods="2" coveredmethods="2"/>
        <line num="12" count="1" type="stmt"/>
        <line num="13" count="1" type="stmt"/>
      </file>
    </package>
    <package name="model">
      <metrics statements="10" coveredstatements="8" conditionals="0" coveredconditionals="0" methods="5" coveredmethods="3"/>
      <file name="Model.ts" path="C:\laragon\www\pipe-dream-core-ts\src\model\Model.ts">
        <metrics statements="10" coveredstatements="8" conditionals="0" coveredconditionals="0" methods="5" coveredmethods="3"/>
        <line num="2" count="2" type="stmt"/>
        <line num="7" count="2" type="stmt"/>
        <line num="13" count="2" type="stmt"/>
        <line num="14" count="0" type="stmt"/>
        <line num="17" count="2" type="stmt"/>
        <line num="18" count="0" type="stmt"/>
        <line num="22" count="18" type="stmt"/>
        <line num="23" count="33" type="stmt"/>
        <line num="24" count="18" type="stmt"/>
        <line num="26" count="2" type="stmt"/>
      </file>
    </package>
    <package name="property">
      <metrics statements="45" coveredstatements="42" conditionals="22" coveredconditionals="16" methods="9" coveredmethods="7"/>
      <file name="ModelProperty.ts" path="C:\laragon\www\pipe-dream-core-ts\src\property\ModelProperty.ts">
        <metrics statements="40" coveredstatements="37" conditionals="22" coveredconditionals="16" methods="7" coveredmethods="5"/>
        <line num="1" count="3" type="stmt"/>
        <line num="2" count="3" type="stmt"/>
        <line num="3" count="3" type="stmt"/>
        <line num="5" count="3" type="stmt"/>
        <line num="11" count="37" type="cond" truecount="2" falsecount="0"/>
        <line num="16" count="37" type="stmt"/>
        <line num="22" count="37" type="stmt"/>
        <line num="29" count="37" type="stmt"/>
        <line num="31" count="37" type="stmt"/>
        <line num="39" count="3" type="stmt"/>
        <line num="40" count="33" type="stmt"/>
        <line num="41" count="33" type="stmt"/>
        <line num="42" count="33" type="cond" truecount="1" falsecount="1"/>
        <line num="43" count="0" type="stmt"/>
        <line num="45" count="33" type="stmt"/>
        <line num="47" count="33" type="cond" truecount="2" falsecount="0"/>
        <line num="48" count="17" type="stmt"/>
        <line num="50" count="16" type="stmt"/>
        <line num="52" count="16" type="cond" truecount="1" falsecount="1"/>
        <line num="53" count="16" type="cond" truecount="1" falsecount="1"/>
        <line num="54" count="16" type="stmt"/>
        <line num="57" count="3" type="stmt"/>
        <line num="58" count="40" type="stmt"/>
        <line num="59" count="120" type="stmt"/>
        <line num="60" count="120" type="cond" truecount="2" falsecount="0"/>
        <line num="61" count="11" type="stmt"/>
        <line num="64" count="40" type="cond" truecount="2" falsecount="0"/>
        <line num="66" count="29" type="cond" truecount="2" falsecount="0"/>
        <line num="69" count="40" type="stmt"/>
        <line num="72" count="40" type="cond" truecount="2" falsecount="0"/>
        <line num="73" count="1" type="cond" truecount="1" falsecount="1"/>
        <line num="74" count="0" type="stmt"/>
        <line num="76" count="40" type="stmt"/>
        <line num="79" count="3" type="stmt"/>
        <line num="85" count="37" type="stmt"/>
        <line num="132" count="37" type="stmt"/>
        <line num="142" count="3" type="stmt"/>
        <line num="144" count="3" type="stmt"/>
        <line num="146" count="0" type="cond" truecount="0" falsecount="2"/>
        <line num="148" count="3" type="stmt"/>
      </file>
      <file name="Property.ts" path="C:\laragon\www\pipe-dream-core-ts\src\property\Property.ts">
        <metrics statements="5" coveredstatements="5" conditionals="0" coveredconditionals="0" methods="2" coveredmethods="2"/>
        <line num="4" count="3" type="stmt"/>
        <line num="11" count="37" type="stmt"/>
        <line num="12" count="37" type="stmt"/>
        <line num="13" count="37" type="stmt"/>
        <line num="15" count="3" type="stmt"/>
      </file>
    </package>
    <package name="schema">
      <metrics statements="21" coveredstatements="20" conditionals="0" coveredconditionals="0" methods="12" coveredmethods="11"/>
      <file name="Schema.ts" path="C:\laragon\www\pipe-dream-core-ts\src\schema\Schema.ts">
        <metrics statements="21" coveredstatements="20" conditionals="0" coveredconditionals="0" methods="12" coveredmethods="11"/>
        <line num="4" count="1" type="stmt"/>
        <line num="5" count="1" type="stmt"/>
        <line num="6" count="1" type="stmt"/>
        <line num="8" count="1" type="stmt"/>
        <line num="9" count="1" type="stmt"/>
        <line num="12" count="1" type="stmt"/>
        <line num="23" count="1" type="stmt"/>
        <line num="24" count="2" type="stmt"/>
        <line num="25" count="2" type="stmt"/>
        <line num="26" count="2" type="stmt"/>
        <line num="27" count="10" type="stmt"/>
        <line num="28" count="2" type="stmt"/>
        <line num="31" count="1" type="stmt"/>
        <line num="32" count="0" type="stmt"/>
        <line num="35" count="1" type="stmt"/>
        <line num="36" count="5" type="stmt"/>
        <line num="39" count="1" type="stmt"/>
        <line num="43" count="5" type="stmt"/>
        <line num="46" count="1" type="stmt"/>
        <line num="47" count="2" type="stmt"/>
        <line num="51" count="1" type="stmt"/>
      </file>
    </package>
    <package name="segment">
      <metrics statements="40" coveredstatements="39" conditionals="10" coveredconditionals="8" methods="11" coveredmethods="11"/>
      <file name="Segment.ts" path="C:\laragon\www\pipe-dream-core-ts\src\segment\Segment.ts">
        <metrics statements="34" coveredstatements="34" conditionals="6" coveredconditionals="6" methods="9" coveredmethods="9"/>
        <line num="2" count="2" type="stmt"/>
        <line num="3" count="2" type="stmt"/>
        <line num="4" count="2" type="stmt"/>
        <line num="5" count="2" type="stmt"/>
        <line num="6" count="2" type="stmt"/>
        <line num="11" count="2" type="stmt"/>
        <line num="23" count="2" type="stmt"/>
        <line num="25" count="25" type="cond" truecount="2" falsecount="0"/>
        <line num="26" count="2" type="stmt"/>
        <line num="27" count="23" type="stmt"/>
        <line num="28" count="23" type="stmt"/>
        <line num="29" count="23" type="stmt"/>
        <line num="30" count="23" type="stmt"/>
        <line num="31" count="23" type="stmt"/>
        <line num="32" count="23" type="stmt"/>
        <line num="33" count="23" type="stmt"/>
        <line num="34" count="23" type="stmt"/>
        <line num="36" count="23" type="stmt"/>
        <line num="39" count="2" type="stmt"/>
        <line num="40" count="1" type="stmt"/>
        <line num="43" count="2" type="stmt"/>
        <line num="44" count="23" type="stmt"/>
        <line num="47" count="2" type="stmt"/>
        <line num="48" count="23" type="cond" truecount="2" falsecount="0"/>
        <line num="49" count="16" type="stmt"/>
        <line num="50" count="7" type="stmt"/>
        <line num="53" count="2" type="stmt"/>
        <line num="54" count="23" type="cond" truecount="2" falsecount="0"/>
        <line num="55" count="6" type="stmt"/>
        <line num="58" count="2" type="stmt"/>
        <line num="59" count="29" type="stmt"/>
        <line num="62" count="2" type="stmt"/>
        <line num="63" count="29" type="stmt"/>
        <line num="65" count="2" type="stmt"/>
      </file>
      <file name="SegmentError.ts" path="C:\laragon\www\pipe-dream-core-ts\src\segment\SegmentError.ts">
        <metrics statements="6" coveredstatements="5" conditionals="4" coveredconditionals="2" methods="2" coveredmethods="2"/>
        <line num="1" count="2" type="stmt"/>
        <line num="2" count="2" type="stmt"/>
        <line num="3" count="2" type="cond" truecount="1" falsecount="1"/>
        <line num="4" count="0" type="stmt"/>
        <line num="5" count="2" type="cond" truecount="1" falsecount="1"/>
        <line num="7" count="2" type="stmt"/>
      </file>
    </package>
    <package name="table">
      <metrics statements="13" coveredstatements="13" conditionals="4" coveredconditionals="3" methods="8" coveredmethods="6"/>
      <file name="ManyToManyTable.ts" path="C:\laragon\www\pipe-dream-core-ts\src\table\ManyToManyTable.ts">
        <metrics statements="4" coveredstatements="4" conditionals="2" coveredconditionals="1" methods="2" coveredmethods="2"/>
        <line num="1" count="2" type="stmt"/>
        <line num="3" count="2" type="stmt"/>
        <line num="6" count="2" type="cond" truecount="1" falsecount="1"/>
        <line num="8" count="2" type="stmt"/>
      </file>
      <file name="RelationTable.ts" path="C:\laragon\www\pipe-dream-core-ts\src\table\RelationTable.ts">
        <metrics statements="4" coveredstatements="4" conditionals="2" coveredconditionals="2" methods="2" coveredmethods="2"/>
        <line num="1" count="2" type="stmt"/>
        <line num="3" count="2" type="stmt"/>
        <line num="5" count="2" type="cond" truecount="2" falsecount="0"/>
        <line num="7" count="2" type="stmt"/>
      </file>
      <file name="Table.ts" path="C:\laragon\www\pipe-dream-core-ts\src\table\Table.ts">
        <metrics statements="5" coveredstatements="5" conditionals="0" coveredconditionals="0" methods="4" coveredmethods="2"/>
        <line num="6" count="2" type="stmt"/>
        <line num="7" count="10" type="stmt"/>
        <line num="10" count="2" type="stmt"/>
        <line num="11" count="2" type="stmt"/>
        <line num="14" count="2" type="stmt"/>
      </file>
    </package>
    <package name="utilities">
      <metrics statements="9" coveredstatements="9" conditionals="2" coveredconditionals="1" methods="6" coveredmethods="6"/>
      <file name="Utilities.ts" path="C:\laragon\www\pipe-dream-core-ts\src\utilities\Utilities.ts">
        <metrics statements="9" coveredstatements="9" conditionals="2" coveredconditionals="1" methods="6" coveredmethods="6"/>
        <line num="1" count="3" type="stmt"/>
        <line num="3" count="3" type="stmt"/>
        <line num="12" count="3" type="stmt"/>
        <line num="13" count="145" type="stmt"/>
        <line num="24" count="72" type="cond" truecount="1" falsecount="1"/>
        <line num="25" count="145" type="stmt"/>
        <line num="28" count="3" type="stmt"/>
        <line num="29" count="8" type="stmt"/>
        <line num="58" count="3" type="stmt"/>
      </file>
    </package>
  </project>
</coverage>
