{"C:\\laragon\\www\\pd-ts\\src\\entity\\Entity.ts": {"path":"C:\\laragon\\www\\pd-ts\\src\\entity\\Entity.ts","statementMap":{"0":{"start":{"line":1,"column":0},"end":{"line":1,"column":22}},"1":{"start":{"line":4,"column":0},"end":{"line":4,"column":null}},"2":{"start":{"line":1,"column":22},"end":{"line":1,"column":28}}},"fnMap":{"0":{"name":"(anonymous_0)","decl":{"start":{"line":1,"column":0},"end":{"line":1,"column":22}},"loc":{"start":{"line":1,"column":0},"end":{"line":4,"column":null}}},"1":{"name":"Entity","decl":{"start":{"line":2,"column":4},"end":{"line":2,"column":null}},"loc":{"start":{"line":2,"column":4},"end":{"line":3,"column":5}}}},"branchMap":{},"s":{"0":3,"1":3,"2":3},"f":{"0":3,"1":43},"b":{}}
,"C:\\laragon\\www\\pd-ts\\src\\entity\\EntityTypeResolver.ts": {"path":"C:\\laragon\\www\\pd-ts\\src\\entity\\EntityTypeResolver.ts","statementMap":{"0":{"start":{"line":2,"column":0},"end":{"line":2,"column":37}},"1":{"start":{"line":3,"column":0},"end":{"line":3,"column":37}},"2":{"start":{"line":4,"column":0},"end":{"line":4,"column":57}},"3":{"start":{"line":5,"column":0},"end":{"line":5,"column":68}},"4":{"start":{"line":7,"column":0},"end":{"line":7,"column":13}},"5":{"start":{"line":44,"column":11},"end":{"line":49,"column":null}},"6":{"start":{"line":45,"column":27},"end":{"line":45,"column":57}},"7":{"start":{"line":46,"column":8},"end":{"line":46,"column":null}},"8":{"start":{"line":46,"column":40},"end":{"line":46,"column":86}},"9":{"start":{"line":48,"column":8},"end":{"line":48,"column":null}},"10":{"start":{"line":20,"column":19},"end":{"line":35,"column":null}},"11":{"start":{"line":50,"column":0},"end":{"line":50,"column":null}},"12":{"start":{"line":7,"column":13},"end":{"line":7,"column":31}}},"fnMap":{"0":{"name":"(anonymous_0)","decl":{"start":{"line":7,"column":0},"end":{"line":7,"column":13}},"loc":{"start":{"line":7,"column":0},"end":{"line":7,"column":13}}},"1":{"name":"(anonymous_2)","decl":{"start":{"line":44,"column":4},"end":{"line":44,"column":11}},"loc":{"start":{"line":44,"column":31},"end":{"line":49,"column":5}}},"2":{"name":"(anonymous_3)","decl":{"start":{"line":46,"column":29},"end":{"line":46,"column":30}},"loc":{"start":{"line":46,"column":35},"end":{"line":46,"column":45}}}},"branchMap":{"0":{"loc":{"start":{"line":46,"column":62},"end":{"line":46,"column":77}},"type":"cond-expr","locations":[{"start":{"line":46,"column":62},"end":{"line":46,"column":77}},{"start":{"line":46,"column":80},"end":{"line":46,"column":85}}]}},"s":{"0":2,"1":2,"2":2,"3":2,"4":2,"5":2,"6":23,"7":23,"8":69,"9":23,"10":2,"11":2,"12":2},"f":{"0":2,"1":23,"2":69},"b":{"0":[27,42]}}
,"C:\\laragon\\www\\pd-ts\\src\\entity\\NotImplementedEntityType.ts": {"path":"C:\\laragon\\www\\pd-ts\\src\\entity\\NotImplementedEntityType.ts","statementMap":{"0":{"start":{"line":1,"column":0},"end":{"line":1,"column":32}},"1":{"start":{"line":8,"column":0},"end":{"line":8,"column":null}},"2":{"start":{"line":8,"column":46},"end":{"line":8,"column":52}},"3":{"start":{"line":10,"column":8},"end":{"line":10,"column":null}},"4":{"start":{"line":12,"column":0},"end":{"line":12,"column":null}},"5":{"start":{"line":8,"column":13},"end":{"line":8,"column":37}}},"fnMap":{"0":{"name":"(anonymous_6)","decl":{"start":{"line":8,"column":0},"end":{"line":8,"column":13}},"loc":{"start":{"line":8,"column":0},"end":{"line":12,"column":null}}},"1":{"name":"NotImplementedEntityType","decl":{"start":{"line":9,"column":4},"end":{"line":9,"column":null}},"loc":{"start":{"line":9,"column":4},"end":{"line":11,"column":5}}}},"branchMap":{"0":{"loc":{"start":{"line":10,"column":8},"end":{"line":10,"column":15}},"type":"binary-expr","locations":[{"start":{"line":10,"column":8},"end":{"line":10,"column":15}},{"start":{"line":10,"column":15},"end":{"line":10,"column":null}}]}},"s":{"0":2,"1":2,"2":2,"3":23,"4":2,"5":2},"f":{"0":2,"1":23},"b":{"0":[23,23]}}
,"C:\\laragon\\www\\pd-ts\\src\\exceptions\\Exception.ts": {"path":"C:\\laragon\\www\\pd-ts\\src\\exceptions\\Exception.ts","statementMap":{"0":{"start":{"line":1,"column":0},"end":{"line":1,"column":null}},"1":{"start":{"line":1,"column":40},"end":{"line":1,"column":45}},"2":{"start":{"line":2,"column":4},"end":{"line":2,"column":26}},"3":{"start":{"line":3,"column":8},"end":{"line":4,"column":null}},"4":{"start":{"line":4,"column":12},"end":{"line":4,"column":null}},"5":{"start":{"line":5,"column":8},"end":{"line":5,"column":null}},"6":{"start":{"line":7,"column":0},"end":{"line":7,"column":null}},"7":{"start":{"line":1,"column":22},"end":{"line":1,"column":31}}},"fnMap":{"0":{"name":"(anonymous_6)","decl":{"start":{"line":1,"column":0},"end":{"line":1,"column":22}},"loc":{"start":{"line":1,"column":0},"end":{"line":7,"column":null}}},"1":{"name":"Exception","decl":{"start":{"line":2,"column":4},"end":{"line":2,"column":26}},"loc":{"start":{"line":2,"column":38},"end":{"line":6,"column":5}}}},"branchMap":{"0":{"loc":{"start":{"line":3,"column":8},"end":{"line":4,"column":null}},"type":"if","locations":[{"start":{"line":3,"column":8},"end":{"line":4,"column":null}},{"start":{"line":3,"column":8},"end":{"line":4,"column":null}}]},"1":{"loc":{"start":{"line":5,"column":8},"end":{"line":5,"column":18}},"type":"binary-expr","locations":[{"start":{"line":5,"column":8},"end":{"line":5,"column":18}},{"start":{"line":5,"column":18},"end":{"line":5,"column":null}}]}},"s":{"0":3,"1":3,"2":0,"3":0,"4":0,"5":0,"6":3,"7":3},"f":{"0":3,"1":0},"b":{"0":[0,0],"1":[0,0]}}
,"C:\\laragon\\www\\pd-ts\\src\\file-loader\\index.ts": {"path":"C:\\laragon\\www\\pd-ts\\src\\file-loader\\index.ts","statementMap":{"0":{"start":{"line":1,"column":0},"end":{"line":1,"column":31}},"1":{"start":{"line":3,"column":0},"end":{"line":3,"column":13}},"2":{"start":{"line":5,"column":24},"end":{"line":16,"column":null}},"3":{"start":{"line":5,"column":42},"end":{"line":5,"column":null}},"4":{"start":{"line":6,"column":8},"end":{"line":15,"column":null}},"5":{"start":{"line":7,"column":12},"end":{"line":14,"column":null}},"6":{"start":{"line":9,"column":20},"end":{"line":10,"column":null}},"7":{"start":{"line":10,"column":24},"end":{"line":10,"column":null}},"8":{"start":{"line":11,"column":20},"end":{"line":12,"column":null}},"9":{"start":{"line":12,"column":24},"end":{"line":12,"column":null}},"10":{"start":{"line":13,"column":20},"end":{"line":13,"column":null}},"11":{"start":{"line":17,"column":0},"end":{"line":17,"column":null}},"12":{"start":{"line":3,"column":13},"end":{"line":3,"column":23}}},"fnMap":{"0":{"name":"(anonymous_12)","decl":{"start":{"line":3,"column":0},"end":{"line":3,"column":13}},"loc":{"start":{"line":3,"column":0},"end":{"line":17,"column":null}}},"1":{"name":"(anonymous_14)","decl":{"start":{"line":5,"column":4},"end":{"line":5,"column":24}},"loc":{"start":{"line":5,"column":65},"end":{"line":16,"column":null}}},"2":{"name":"(anonymous_17)","decl":{"start":{"line":6,"column":32},"end":{"line":6,"column":33}},"loc":{"start":{"line":6,"column":48},"end":{"line":15,"column":9}}},"3":{"name":"(anonymous_18)","decl":{"start":{"line":8,"column":22},"end":{"line":8,"column":23}},"loc":{"start":{"line":8,"column":36},"end":{"line":14,"column":17}}}},"branchMap":{"0":{"loc":{"start":{"line":5,"column":42},"end":{"line":5,"column":null}},"type":"if","locations":[{"start":{"line":5,"column":42},"end":{"line":5,"column":null}},{"start":{"line":5,"column":42},"end":{"line":5,"column":null}}]},"1":{"loc":{"start":{"line":9,"column":20},"end":{"line":10,"column":null}},"type":"if","locations":[{"start":{"line":9,"column":20},"end":{"line":10,"column":null}},{"start":{"line":9,"column":20},"end":{"line":10,"column":null}}]},"2":{"loc":{"start":{"line":11,"column":20},"end":{"line":12,"column":null}},"type":"if","locations":[{"start":{"line":11,"column":20},"end":{"line":12,"column":null}},{"start":{"line":11,"column":20},"end":{"line":12,"column":null}}]}},"s":{"0":2,"1":2,"2":2,"3":6,"4":3,"5":3,"6":2,"7":1,"8":1,"9":0,"10":1,"11":2,"12":2},"f":{"0":2,"1":3,"2":3,"3":2},"b":{"0":[3,0],"1":[1,1],"2":[0,1]}}
,"C:\\laragon\\www\\pd-ts\\src\\github-dump\\index.ts": {"path":"C:\\laragon\\www\\pd-ts\\src\\github-dump\\index.ts","statementMap":{"0":{"start":{"line":1,"column":13},"end":{"line":1,"column":null}}},"fnMap":{},"branchMap":{},"s":{"0":4},"f":{},"b":{}}
,"C:\\laragon\\www\\pd-ts\\src\\interfaces\\ISerializable.ts": {"path":"C:\\laragon\\www\\pd-ts\\src\\interfaces\\ISerializable.ts","statementMap":{"0":{"start":{"line":12,"column":36},"end":{"line":12,"column":49}},"1":{"start":{"line":13,"column":4},"end":{"line":13,"column":58}},"2":{"start":{"line":13,"column":45},"end":{"line":13,"column":57}},"3":{"start":{"line":12,"column":0},"end":{"line":12,"column":16}}},"fnMap":{"0":{"name":"staticImplements","decl":{"start":{"line":12,"column":16},"end":{"line":12,"column":32}},"loc":{"start":{"line":12,"column":32},"end":{"line":14,"column":1}}},"1":{"name":"(anonymous_1)","decl":{"start":{"line":13,"column":11},"end":{"line":13,"column":25}},"loc":{"start":{"line":13,"column":39},"end":{"line":13,"column":57}}}},"branchMap":{},"s":{"0":8,"1":4,"2":4,"3":3},"f":{"0":4,"1":4},"b":{}}
,"C:\\laragon\\www\\pd-ts\\src\\model\\Model.ts": {"path":"C:\\laragon\\www\\pd-ts\\src\\model\\Model.ts","statementMap":{"0":{"start":{"line":1,"column":0},"end":{"line":1,"column":40}},"1":{"start":{"line":2,"column":0},"end":{"line":2,"column":56}},"2":{"start":{"line":4,"column":0},"end":{"line":4,"column":76}},"3":{"start":{"line":5,"column":0},"end":{"line":5,"column":49}},"4":{"start":{"line":6,"column":0},"end":{"line":6,"column":50}},"5":{"start":{"line":9,"column":0},"end":{"line":9,"column":null}},"6":{"start":{"line":9,"column":27},"end":{"line":9,"column":33}},"7":{"start":{"line":17,"column":8},"end":{"line":17,"column":null}},"8":{"start":{"line":9,"column":13},"end":{"line":9,"column":27}},"9":{"start":{"line":20,"column":18},"end":{"line":29,"column":null}},"10":{"start":{"line":21,"column":8},"end":{"line":22,"column":null}},"11":{"start":{"line":22,"column":12},"end":{"line":22,"column":null}},"12":{"start":{"line":23,"column":27},"end":{"line":23,"column":36}},"13":{"start":{"line":24,"column":8},"end":{"line":24,"column":null}},"14":{"start":{"line":25,"column":30},"end":{"line":25,"column":88}},"15":{"start":{"line":26,"column":8},"end":{"line":26,"column":null}},"16":{"start":{"line":27,"column":8},"end":{"line":27,"column":null}},"17":{"start":{"line":27,"column":54},"end":{"line":27,"column":86}},"18":{"start":{"line":28,"column":8},"end":{"line":28,"column":null}},"19":{"start":{"line":31,"column":4},"end":{"line":33,"column":null}},"20":{"start":{"line":32,"column":8},"end":{"line":32,"column":18}},"21":{"start":{"line":9,"column":13},"end":{"line":34,"column":null}},"22":{"start":{"line":34,"column":0},"end":{"line":34,"column":null}},"23":{"start":{"line":9,"column":13},"end":{"line":9,"column":18}},"24":{"start":{"line":36,"column":0},"end":{"line":36,"column":null}},"25":{"start":{"line":36,"column":36},"end":{"line":36,"column":45}},"26":{"start":{"line":38,"column":0},"end":{"line":38,"column":null}},"27":{"start":{"line":36,"column":13},"end":{"line":36,"column":27}}},"fnMap":{"0":{"name":"(anonymous_7)","decl":{"start":{"line":9,"column":0},"end":{"line":9,"column":13}},"loc":{"start":{"line":9,"column":0},"end":{"line":9,"column":13}}},"1":{"name":"Model","decl":{"start":{"line":16,"column":4},"end":{"line":16,"column":null}},"loc":{"start":{"line":16,"column":4},"end":{"line":18,"column":5}}},"2":{"name":"(anonymous_9)","decl":{"start":{"line":20,"column":4},"end":{"line":20,"column":18}},"loc":{"start":{"line":20,"column":42},"end":{"line":29,"column":5}}},"3":{"name":"(anonymous_10)","decl":{"start":{"line":27,"column":46},"end":{"line":27,"column":50}},"loc":{"start":{"line":27,"column":50},"end":{"line":27,"column":67}}},"4":{"name":"(anonymous_11)","decl":{"start":{"line":31,"column":4},"end":{"line":31,"column":13}},"loc":{"start":{"line":31,"column":4},"end":{"line":33,"column":5}}},"5":{"name":"(anonymous_12)","decl":{"start":{"line":36,"column":0},"end":{"line":36,"column":13}},"loc":{"start":{"line":36,"column":0},"end":{"line":38,"column":null}}}},"branchMap":{"0":{"loc":{"start":{"line":17,"column":8},"end":{"line":17,"column":15}},"type":"binary-expr","locations":[{"start":{"line":17,"column":8},"end":{"line":17,"column":15}},{"start":{"line":17,"column":15},"end":{"line":17,"column":null}}]},"1":{"loc":{"start":{"line":21,"column":8},"end":{"line":22,"column":null}},"type":"if","locations":[{"start":{"line":21,"column":8},"end":{"line":22,"column":null}},{"start":{"line":21,"column":8},"end":{"line":22,"column":null}}]}},"s":{"0":3,"1":3,"2":3,"3":3,"4":3,"5":3,"6":3,"7":20,"8":3,"9":3,"10":18,"11":1,"12":17,"13":17,"14":17,"15":17,"16":17,"17":33,"18":17,"19":3,"20":0,"21":3,"22":3,"23":3,"24":3,"25":3,"26":3,"27":3},"f":{"0":3,"1":20,"2":18,"3":33,"4":0,"5":3},"b":{"0":[20,20],"1":[1,17]}}
,"C:\\laragon\\www\\pd-ts\\src\\property\\ModelProperty.ts": {"path":"C:\\laragon\\www\\pd-ts\\src\\property\\ModelProperty.ts","statementMap":{"0":{"start":{"line":1,"column":0},"end":{"line":1,"column":36}},"1":{"start":{"line":2,"column":0},"end":{"line":2,"column":49}},"2":{"start":{"line":3,"column":0},"end":{"line":3,"column":46}},"3":{"start":{"line":5,"column":0},"end":{"line":5,"column":null}},"4":{"start":{"line":5,"column":35},"end":{"line":5,"column":43}},"5":{"start":{"line":12,"column":8},"end":{"line":12,"column":null}},"6":{"start":{"line":86,"column":12},"end":{"line":131,"column":null}},"7":{"start":{"line":133,"column":12},"end":{"line":142,"column":null}},"8":{"start":{"line":17,"column":8},"end":{"line":17,"column":null}},"9":{"start":{"line":23,"column":8},"end":{"line":23,"column":null}},"10":{"start":{"line":30,"column":8},"end":{"line":30,"column":null}},"11":{"start":{"line":32,"column":8},"end":{"line":32,"column":null}},"12":{"start":{"line":40,"column":11},"end":{"line":56,"column":null}},"13":{"start":{"line":41,"column":20},"end":{"line":41,"column":56}},"14":{"start":{"line":42,"column":19},"end":{"line":42,"column":27}},"15":{"start":{"line":43,"column":8},"end":{"line":44,"column":null}},"16":{"start":{"line":44,"column":12},"end":{"line":44,"column":null}},"17":{"start":{"line":46,"column":21},"end":{"line":46,"column":35}},"18":{"start":{"line":48,"column":8},"end":{"line":49,"column":null}},"19":{"start":{"line":49,"column":12},"end":{"line":49,"column":null}},"20":{"start":{"line":51,"column":25},"end":{"line":51,"column":63}},"21":{"start":{"line":53,"column":8},"end":{"line":53,"column":null}},"22":{"start":{"line":54,"column":8},"end":{"line":54,"column":null}},"23":{"start":{"line":55,"column":8},"end":{"line":55,"column":null}},"24":{"start":{"line":58,"column":4},"end":{"line":78,"column":null}},"25":{"start":{"line":59,"column":31},"end":{"line":59,"column":33}},"26":{"start":{"line":60,"column":8},"end":{"line":63,"column":null}},"27":{"start":{"line":60,"column":36},"end":{"line":60,"column":65}},"28":{"start":{"line":60,"column":63},"end":{"line":60,"column":65}},"29":{"start":{"line":60,"column":19},"end":{"line":60,"column":20}},"30":{"start":{"line":60,"column":20},"end":{"line":60,"column":25}},"31":{"start":{"line":60,"column":27},"end":{"line":60,"column":31}},"32":{"start":{"line":61,"column":12},"end":{"line":62,"column":null}},"33":{"start":{"line":62,"column":16},"end":{"line":62,"column":null}},"34":{"start":{"line":65,"column":8},"end":{"line":68,"column":null}},"35":{"start":{"line":67,"column":12},"end":{"line":67,"column":null}},"36":{"start":{"line":70,"column":8},"end":{"line":70,"column":null}},"37":{"start":{"line":73,"column":8},"end":{"line":76,"column":null}},"38":{"start":{"line":74,"column":12},"end":{"line":75,"column":null}},"39":{"start":{"line":75,"column":16},"end":{"line":75,"column":null}},"40":{"start":{"line":77,"column":8},"end":{"line":77,"column":null}},"41":{"start":{"line":80,"column":4},"end":{"line":81,"column":null}},"42":{"start":{"line":143,"column":0},"end":{"line":143,"column":null}},"43":{"start":{"line":5,"column":13},"end":{"line":5,"column":26}},"44":{"start":{"line":145,"column":0},"end":{"line":145,"column":null}},"45":{"start":{"line":145,"column":44},"end":{"line":145,"column":49}},"46":{"start":{"line":147,"column":8},"end":{"line":147,"column":null}},"47":{"start":{"line":149,"column":0},"end":{"line":149,"column":null}},"48":{"start":{"line":145,"column":13},"end":{"line":145,"column":35}}},"fnMap":{"0":{"name":"(anonymous_10)","decl":{"start":{"line":5,"column":0},"end":{"line":5,"column":13}},"loc":{"start":{"line":5,"column":0},"end":{"line":143,"column":null}}},"1":{"name":"ModelProperty","decl":{"start":{"line":11,"column":4},"end":{"line":11,"column":16}},"loc":{"start":{"line":11,"column":65},"end":{"line":33,"column":5}}},"2":{"name":"(anonymous_12)","decl":{"start":{"line":40,"column":4},"end":{"line":40,"column":11}},"loc":{"start":{"line":40,"column":37},"end":{"line":56,"column":5}}},"3":{"name":"(anonymous_13)","decl":{"start":{"line":58,"column":4},"end":{"line":58,"column":19}},"loc":{"start":{"line":58,"column":4},"end":{"line":78,"column":5}}},"4":{"name":"(anonymous_14)","decl":{"start":{"line":80,"column":4},"end":{"line":80,"column":17}},"loc":{"start":{"line":80,"column":4},"end":{"line":81,"column":5}}},"5":{"name":"(anonymous_15)","decl":{"start":{"line":145,"column":0},"end":{"line":145,"column":13}},"loc":{"start":{"line":145,"column":0},"end":{"line":149,"column":null}}},"6":{"name":"ModelPropertyException","decl":{"start":{"line":146,"column":4},"end":{"line":146,"column":16}},"loc":{"start":{"line":146,"column":28},"end":{"line":148,"column":5}}}},"branchMap":{"0":{"loc":{"start":{"line":12,"column":8},"end":{"line":12,"column":35}},"type":"binary-expr","locations":[{"start":{"line":12,"column":8},"end":{"line":12,"column":35}},{"start":{"line":12,"column":35},"end":{"line":12,"column":null}}]},"1":{"loc":{"start":{"line":43,"column":8},"end":{"line":44,"column":null}},"type":"if","locations":[{"start":{"line":43,"column":8},"end":{"line":44,"column":null}},{"start":{"line":43,"column":8},"end":{"line":44,"column":null}}]},"2":{"loc":{"start":{"line":48,"column":8},"end":{"line":49,"column":null}},"type":"if","locations":[{"start":{"line":48,"column":8},"end":{"line":49,"column":null}},{"start":{"line":48,"column":8},"end":{"line":49,"column":null}}]},"3":{"loc":{"start":{"line":53,"column":21},"end":{"line":53,"column":34}},"type":"binary-expr","locations":[{"start":{"line":53,"column":21},"end":{"line":53,"column":34}},{"start":{"line":53,"column":38},"end":{"line":53,"column":42}}]},"4":{"loc":{"start":{"line":54,"column":23},"end":{"line":54,"column":52}},"type":"binary-expr","locations":[{"start":{"line":54,"column":23},"end":{"line":54,"column":52}},{"start":{"line":54,"column":52},"end":{"line":54,"column":56}}]},"5":{"loc":{"start":{"line":61,"column":12},"end":{"line":62,"column":null}},"type":"if","locations":[{"start":{"line":61,"column":12},"end":{"line":62,"column":null}},{"start":{"line":61,"column":12},"end":{"line":62,"column":null}}]},"6":{"loc":{"start":{"line":65,"column":8},"end":{"line":68,"column":null}},"type":"if","locations":[{"start":{"line":65,"column":8},"end":{"line":68,"column":null}},{"start":{"line":65,"column":8},"end":{"line":68,"column":null}}]},"7":{"loc":{"start":{"line":67,"column":23},"end":{"line":67,"column":57}},"type":"binary-expr","locations":[{"start":{"line":67,"column":23},"end":{"line":67,"column":57}},{"start":{"line":67,"column":61},"end":{"line":67,"column":69}}]},"8":{"loc":{"start":{"line":73,"column":8},"end":{"line":76,"column":null}},"type":"if","locations":[{"start":{"line":73,"column":8},"end":{"line":76,"column":null}},{"start":{"line":73,"column":8},"end":{"line":76,"column":null}}]},"9":{"loc":{"start":{"line":74,"column":12},"end":{"line":75,"column":null}},"type":"if","locations":[{"start":{"line":74,"column":12},"end":{"line":75,"column":null}},{"start":{"line":74,"column":12},"end":{"line":75,"column":null}}]},"10":{"loc":{"start":{"line":147,"column":8},"end":{"line":147,"column":18}},"type":"binary-expr","locations":[{"start":{"line":147,"column":8},"end":{"line":147,"column":18}},{"start":{"line":147,"column":18},"end":{"line":147,"column":null}}]}},"s":{"0":4,"1":4,"2":4,"3":4,"4":4,"5":37,"6":37,"7":37,"8":37,"9":37,"10":37,"11":37,"12":4,"13":33,"14":33,"15":33,"16":0,"17":33,"18":33,"19":17,"20":16,"21":16,"22":16,"23":16,"24":4,"25":40,"26":40,"27":40,"28":40,"29":120,"30":120,"31":120,"32":120,"33":11,"34":40,"35":29,"36":40,"37":40,"38":1,"39":0,"40":40,"41":4,"42":4,"43":4,"44":4,"45":4,"46":0,"47":4,"48":4},"f":{"0":4,"1":37,"2":33,"3":40,"4":0,"5":4,"6":0},"b":{"0":[37,37],"1":[0,33],"2":[17,16],"3":[16,0],"4":[16,0],"5":[11,109],"6":[29,11],"7":[29,23],"8":[1,39],"9":[0,1],"10":[0,0]}}
,"C:\\laragon\\www\\pd-ts\\src\\property\\Property.ts": {"path":"C:\\laragon\\www\\pd-ts\\src\\property\\Property.ts","statementMap":{"0":{"start":{"line":4,"column":0},"end":{"line":4,"column":22}},"1":{"start":{"line":11,"column":8},"end":{"line":11,"column":null}},"2":{"start":{"line":12,"column":8},"end":{"line":12,"column":null}},"3":{"start":{"line":13,"column":8},"end":{"line":13,"column":null}},"4":{"start":{"line":15,"column":0},"end":{"line":15,"column":null}},"5":{"start":{"line":4,"column":22},"end":{"line":4,"column":30}}},"fnMap":{"0":{"name":"(anonymous_0)","decl":{"start":{"line":4,"column":0},"end":{"line":4,"column":22}},"loc":{"start":{"line":4,"column":0},"end":{"line":15,"column":null}}},"1":{"name":"Property","decl":{"start":{"line":9,"column":4},"end":{"line":9,"column":26}},"loc":{"start":{"line":9,"column":75},"end":{"line":14,"column":5}}}},"branchMap":{},"s":{"0":4,"1":37,"2":37,"3":37,"4":4,"5":4},"f":{"0":4,"1":37},"b":{}}
,"C:\\laragon\\www\\pd-ts\\src\\schema\\Schema.ts": {"path":"C:\\laragon\\www\\pd-ts\\src\\schema\\Schema.ts","statementMap":{"0":{"start":{"line":4,"column":0},"end":{"line":4,"column":43}},"1":{"start":{"line":5,"column":0},"end":{"line":5,"column":76}},"2":{"start":{"line":6,"column":0},"end":{"line":6,"column":49}},"3":{"start":{"line":7,"column":0},"end":{"line":7,"column":57}},"4":{"start":{"line":9,"column":24},"end":{"line":9,"column":32}},"5":{"start":{"line":10,"column":30},"end":{"line":10,"column":57}},"6":{"start":{"line":13,"column":0},"end":{"line":13,"column":13}},"7":{"start":{"line":13,"column":13},"end":{"line":13,"column":null}},"8":{"start":{"line":24,"column":18},"end":{"line":30,"column":null}},"9":{"start":{"line":25,"column":21},"end":{"line":25,"column":33}},"10":{"start":{"line":26,"column":8},"end":{"line":26,"column":null}},"11":{"start":{"line":27,"column":8},"end":{"line":27,"column":null}},"12":{"start":{"line":28,"column":8},"end":{"line":28,"column":null}},"13":{"start":{"line":28,"column":95},"end":{"line":28,"column":124}},"14":{"start":{"line":29,"column":8},"end":{"line":29,"column":null}},"15":{"start":{"line":32,"column":4},"end":{"line":34,"column":null}},"16":{"start":{"line":33,"column":8},"end":{"line":33,"column":18}},"17":{"start":{"line":36,"column":11},"end":{"line":38,"column":null}},"18":{"start":{"line":37,"column":8},"end":{"line":37,"column":null}},"19":{"start":{"line":37,"column":47},"end":{"line":37,"column":65}},"20":{"start":{"line":37,"column":88},"end":{"line":37,"column":109}},"21":{"start":{"line":40,"column":11},"end":{"line":43,"column":null}},"22":{"start":{"line":42,"column":8},"end":{"line":42,"column":null}},"23":{"start":{"line":42,"column":47},"end":{"line":42,"column":65}},"24":{"start":{"line":42,"column":88},"end":{"line":42,"column":109}},"25":{"start":{"line":45,"column":11},"end":{"line":47,"column":null}},"26":{"start":{"line":46,"column":8},"end":{"line":46,"column":null}},"27":{"start":{"line":46,"column":48},"end":{"line":46,"column":81}},"28":{"start":{"line":49,"column":18},"end":{"line":51,"column":null}},"29":{"start":{"line":50,"column":8},"end":{"line":50,"column":null}},"30":{"start":{"line":53,"column":11},"end":{"line":55,"column":null}},"31":{"start":{"line":54,"column":8},"end":{"line":54,"column":null}},"32":{"start":{"line":54,"column":45},"end":{"line":54,"column":59}},"33":{"start":{"line":54,"column":97},"end":{"line":54,"column":111}},"34":{"start":{"line":13,"column":13},"end":{"line":56,"column":null}},"35":{"start":{"line":56,"column":0},"end":{"line":56,"column":null}},"36":{"start":{"line":13,"column":13},"end":{"line":13,"column":19}}},"fnMap":{"0":{"name":"(anonymous_1)","decl":{"start":{"line":13,"column":0},"end":{"line":13,"column":13}},"loc":{"start":{"line":13,"column":0},"end":{"line":13,"column":13}}},"1":{"name":"Schema","decl":{"start":{"line":20,"column":4},"end":{"line":20,"column":null}},"loc":{"start":{"line":20,"column":4},"end":{"line":22,"column":5}}},"2":{"name":"(anonymous_3)","decl":{"start":{"line":24,"column":4},"end":{"line":24,"column":18}},"loc":{"start":{"line":24,"column":42},"end":{"line":30,"column":5}}},"3":{"name":"(anonymous_4)","decl":{"start":{"line":28,"column":74},"end":{"line":28,"column":75}},"loc":{"start":{"line":28,"column":90},"end":{"line":28,"column":102}}},"4":{"name":"(anonymous_5)","decl":{"start":{"line":32,"column":4},"end":{"line":32,"column":13}},"loc":{"start":{"line":32,"column":4},"end":{"line":34,"column":5}}},"5":{"name":"(anonymous_6)","decl":{"start":{"line":36,"column":4},"end":{"line":36,"column":11}},"loc":{"start":{"line":36,"column":4},"end":{"line":38,"column":5}}},"6":{"name":"(anonymous_7)","decl":{"start":{"line":37,"column":36},"end":{"line":37,"column":43}},"loc":{"start":{"line":37,"column":43},"end":{"line":37,"column":54}}},"7":{"name":"(anonymous_8)","decl":{"start":{"line":37,"column":77},"end":{"line":37,"column":84}},"loc":{"start":{"line":37,"column":84},"end":{"line":37,"column":95}}},"8":{"name":"(anonymous_9)","decl":{"start":{"line":40,"column":4},"end":{"line":40,"column":11}},"loc":{"start":{"line":40,"column":4},"end":{"line":43,"column":5}}},"9":{"name":"(anonymous_10)","decl":{"start":{"line":42,"column":36},"end":{"line":42,"column":43}},"loc":{"start":{"line":42,"column":43},"end":{"line":42,"column":54}}},"10":{"name":"(anonymous_11)","decl":{"start":{"line":42,"column":77},"end":{"line":42,"column":84}},"loc":{"start":{"line":42,"column":84},"end":{"line":42,"column":95}}},"11":{"name":"(anonymous_12)","decl":{"start":{"line":45,"column":4},"end":{"line":45,"column":11}},"loc":{"start":{"line":45,"column":4},"end":{"line":47,"column":5}}},"12":{"name":"(anonymous_13)","decl":{"start":{"line":46,"column":39},"end":{"line":46,"column":44}},"loc":{"start":{"line":46,"column":44},"end":{"line":46,"column":53}}},"13":{"name":"(anonymous_14)","decl":{"start":{"line":49,"column":4},"end":{"line":49,"column":18}},"loc":{"start":{"line":49,"column":36},"end":{"line":51,"column":5}}},"14":{"name":"(anonymous_15)","decl":{"start":{"line":53,"column":4},"end":{"line":53,"column":11}},"loc":{"start":{"line":53,"column":4},"end":{"line":55,"column":5}}},"15":{"name":"(anonymous_16)","decl":{"start":{"line":54,"column":36},"end":{"line":54,"column":41}},"loc":{"start":{"line":54,"column":41},"end":{"line":54,"column":53}}},"16":{"name":"(anonymous_17)","decl":{"start":{"line":54,"column":88},"end":{"line":54,"column":93}},"loc":{"start":{"line":54,"column":93},"end":{"line":54,"column":105}}}},"branchMap":{},"s":{"0":1,"1":1,"2":1,"3":1,"4":1,"5":1,"6":1,"7":1,"8":1,"9":2,"10":2,"11":2,"12":2,"13":10,"14":2,"15":1,"16":0,"17":1,"18":1,"19":5,"20":3,"21":1,"22":1,"23":5,"24":2,"25":1,"26":0,"27":0,"28":1,"29":2,"30":1,"31":0,"32":0,"33":0,"34":1,"35":1,"36":1},"f":{"0":1,"1":2,"2":2,"3":10,"4":0,"5":1,"6":5,"7":3,"8":1,"9":5,"10":2,"11":0,"12":0,"13":2,"14":0,"15":0,"16":0},"b":{}}
,"C:\\laragon\\www\\pd-ts\\src\\segment\\Segment.ts": {"path":"C:\\laragon\\www\\pd-ts\\src\\segment\\Segment.ts","statementMap":{"0":{"start":{"line":2,"column":0},"end":{"line":2,"column":37}},"1":{"start":{"line":3,"column":0},"end":{"line":3,"column":37}},"2":{"start":{"line":4,"column":0},"end":{"line":4,"column":44}},"3":{"start":{"line":5,"column":0},"end":{"line":5,"column":64}},"4":{"start":{"line":6,"column":0},"end":{"line":6,"column":49}},"5":{"start":{"line":11,"column":0},"end":{"line":11,"column":13}},"6":{"start":{"line":23,"column":18},"end":{"line":37,"column":null}},"7":{"start":{"line":25,"column":8},"end":{"line":26,"column":null}},"8":{"start":{"line":26,"column":12},"end":{"line":26,"column":null}},"9":{"start":{"line":27,"column":31},"end":{"line":27,"column":44}},"10":{"start":{"line":28,"column":8},"end":{"line":28,"column":null}},"11":{"start":{"line":29,"column":20},"end":{"line":29,"column":55}},"12":{"start":{"line":30,"column":8},"end":{"line":30,"column":null}},"13":{"start":{"line":31,"column":8},"end":{"line":31,"column":null}},"14":{"start":{"line":32,"column":8},"end":{"line":32,"column":null}},"15":{"start":{"line":33,"column":8},"end":{"line":33,"column":null}},"16":{"start":{"line":34,"column":8},"end":{"line":34,"column":null}},"17":{"start":{"line":36,"column":8},"end":{"line":36,"column":null}},"18":{"start":{"line":39,"column":11},"end":{"line":41,"column":null}},"19":{"start":{"line":40,"column":8},"end":{"line":40,"column":null}},"20":{"start":{"line":43,"column":11},"end":{"line":45,"column":null}},"21":{"start":{"line":44,"column":8},"end":{"line":44,"column":null}},"22":{"start":{"line":47,"column":11},"end":{"line":51,"column":null}},"23":{"start":{"line":48,"column":8},"end":{"line":49,"column":null}},"24":{"start":{"line":49,"column":12},"end":{"line":49,"column":null}},"25":{"start":{"line":50,"column":8},"end":{"line":50,"column":14}},"26":{"start":{"line":53,"column":11},"end":{"line":56,"column":null}},"27":{"start":{"line":54,"column":8},"end":{"line":55,"column":null}},"28":{"start":{"line":55,"column":12},"end":{"line":55,"column":null}},"29":{"start":{"line":58,"column":11},"end":{"line":60,"column":null}},"30":{"start":{"line":59,"column":8},"end":{"line":59,"column":null}},"31":{"start":{"line":62,"column":11},"end":{"line":64,"column":null}},"32":{"start":{"line":63,"column":8},"end":{"line":63,"column":null}},"33":{"start":{"line":65,"column":0},"end":{"line":65,"column":null}},"34":{"start":{"line":11,"column":13},"end":{"line":11,"column":20}}},"fnMap":{"0":{"name":"(anonymous_2)","decl":{"start":{"line":11,"column":0},"end":{"line":11,"column":13}},"loc":{"start":{"line":11,"column":0},"end":{"line":65,"column":null}}},"1":{"name":"Segment","decl":{"start":{"line":20,"column":4},"end":{"line":20,"column":null}},"loc":{"start":{"line":20,"column":4},"end":{"line":21,"column":5}}},"2":{"name":"(anonymous_4)","decl":{"start":{"line":23,"column":4},"end":{"line":23,"column":18}},"loc":{"start":{"line":23,"column":42},"end":{"line":37,"column":5}}},"3":{"name":"(anonymous_5)","decl":{"start":{"line":39,"column":4},"end":{"line":39,"column":11}},"loc":{"start":{"line":39,"column":4},"end":{"line":41,"column":5}}},"4":{"name":"(anonymous_6)","decl":{"start":{"line":43,"column":4},"end":{"line":43,"column":11}},"loc":{"start":{"line":43,"column":4},"end":{"line":45,"column":5}}},"5":{"name":"(anonymous_7)","decl":{"start":{"line":47,"column":4},"end":{"line":47,"column":11}},"loc":{"start":{"line":47,"column":4},"end":{"line":51,"column":5}}},"6":{"name":"(anonymous_8)","decl":{"start":{"line":53,"column":4},"end":{"line":53,"column":11}},"loc":{"start":{"line":53,"column":4},"end":{"line":56,"column":5}}},"7":{"name":"(anonymous_9)","decl":{"start":{"line":58,"column":4},"end":{"line":58,"column":11}},"loc":{"start":{"line":58,"column":4},"end":{"line":60,"column":5}}},"8":{"name":"(anonymous_10)","decl":{"start":{"line":62,"column":4},"end":{"line":62,"column":11}},"loc":{"start":{"line":62,"column":4},"end":{"line":64,"column":5}}}},"branchMap":{"0":{"loc":{"start":{"line":25,"column":8},"end":{"line":26,"column":null}},"type":"if","locations":[{"start":{"line":25,"column":8},"end":{"line":26,"column":null}},{"start":{"line":25,"column":8},"end":{"line":26,"column":null}}]},"1":{"loc":{"start":{"line":48,"column":8},"end":{"line":49,"column":null}},"type":"if","locations":[{"start":{"line":48,"column":8},"end":{"line":49,"column":null}},{"start":{"line":48,"column":8},"end":{"line":49,"column":null}}]},"2":{"loc":{"start":{"line":54,"column":8},"end":{"line":55,"column":null}},"type":"if","locations":[{"start":{"line":54,"column":8},"end":{"line":55,"column":null}},{"start":{"line":54,"column":8},"end":{"line":55,"column":null}}]}},"s":{"0":2,"1":2,"2":2,"3":2,"4":2,"5":2,"6":2,"7":25,"8":2,"9":23,"10":23,"11":23,"12":23,"13":23,"14":23,"15":23,"16":23,"17":23,"18":2,"19":17,"20":2,"21":23,"22":2,"23":23,"24":16,"25":7,"26":2,"27":23,"28":6,"29":2,"30":29,"31":2,"32":29,"33":2,"34":2},"f":{"0":2,"1":24,"2":25,"3":17,"4":23,"5":23,"6":23,"7":29,"8":29},"b":{"0":[2,23],"1":[16,7],"2":[6,17]}}
,"C:\\laragon\\www\\pd-ts\\src\\segment\\SegmentError.ts": {"path":"C:\\laragon\\www\\pd-ts\\src\\segment\\SegmentError.ts","statementMap":{"0":{"start":{"line":1,"column":0},"end":{"line":1,"column":null}},"1":{"start":{"line":1,"column":34},"end":{"line":1,"column":39}},"2":{"start":{"line":2,"column":4},"end":{"line":2,"column":16}},"3":{"start":{"line":3,"column":8},"end":{"line":4,"column":null}},"4":{"start":{"line":4,"column":12},"end":{"line":4,"column":null}},"5":{"start":{"line":5,"column":8},"end":{"line":5,"column":null}},"6":{"start":{"line":7,"column":0},"end":{"line":7,"column":null}},"7":{"start":{"line":1,"column":13},"end":{"line":1,"column":25}}},"fnMap":{"0":{"name":"(anonymous_6)","decl":{"start":{"line":1,"column":0},"end":{"line":1,"column":13}},"loc":{"start":{"line":1,"column":0},"end":{"line":7,"column":null}}},"1":{"name":"SegmentError","decl":{"start":{"line":2,"column":4},"end":{"line":2,"column":16}},"loc":{"start":{"line":2,"column":48},"end":{"line":6,"column":5}}}},"branchMap":{"0":{"loc":{"start":{"line":3,"column":8},"end":{"line":4,"column":null}},"type":"if","locations":[{"start":{"line":3,"column":8},"end":{"line":4,"column":null}},{"start":{"line":3,"column":8},"end":{"line":4,"column":null}}]},"1":{"loc":{"start":{"line":5,"column":8},"end":{"line":5,"column":22}},"type":"binary-expr","locations":[{"start":{"line":5,"column":8},"end":{"line":5,"column":22}},{"start":{"line":5,"column":22},"end":{"line":5,"column":null}}]}},"s":{"0":2,"1":2,"2":2,"3":2,"4":0,"5":2,"6":2,"7":2},"f":{"0":2,"1":2},"b":{"0":[0,2],"1":[2,0]}}
,"C:\\laragon\\www\\pd-ts\\src\\table\\ManyToManyTable.ts": {"path":"C:\\laragon\\www\\pd-ts\\src\\table\\ManyToManyTable.ts","statementMap":{"0":{"start":{"line":1,"column":0},"end":{"line":1,"column":46}},"1":{"start":{"line":3,"column":0},"end":{"line":3,"column":null}},"2":{"start":{"line":3,"column":37},"end":{"line":3,"column":50}},"3":{"start":{"line":6,"column":8},"end":{"line":6,"column":null}},"4":{"start":{"line":8,"column":0},"end":{"line":8,"column":null}},"5":{"start":{"line":3,"column":13},"end":{"line":3,"column":28}}},"fnMap":{"0":{"name":"(anonymous_6)","decl":{"start":{"line":3,"column":0},"end":{"line":3,"column":13}},"loc":{"start":{"line":3,"column":0},"end":{"line":8,"column":null}}},"1":{"name":"ManyToManyTable","decl":{"start":{"line":5,"column":4},"end":{"line":5,"column":null}},"loc":{"start":{"line":5,"column":4},"end":{"line":7,"column":5}}}},"branchMap":{"0":{"loc":{"start":{"line":6,"column":8},"end":{"line":6,"column":15}},"type":"binary-expr","locations":[{"start":{"line":6,"column":8},"end":{"line":6,"column":15}},{"start":{"line":6,"column":15},"end":{"line":6,"column":null}}]}},"s":{"0":2,"1":2,"2":2,"3":2,"4":2,"5":2},"f":{"0":2,"1":2},"b":{"0":[2,0]}}
,"C:\\laragon\\www\\pd-ts\\src\\table\\RelationTable.ts": {"path":"C:\\laragon\\www\\pd-ts\\src\\table\\RelationTable.ts","statementMap":{"0":{"start":{"line":1,"column":0},"end":{"line":1,"column":30}},"1":{"start":{"line":3,"column":0},"end":{"line":3,"column":null}},"2":{"start":{"line":3,"column":35},"end":{"line":3,"column":40}},"3":{"start":{"line":5,"column":8},"end":{"line":5,"column":null}},"4":{"start":{"line":7,"column":0},"end":{"line":7,"column":null}},"5":{"start":{"line":3,"column":13},"end":{"line":3,"column":26}}},"fnMap":{"0":{"name":"(anonymous_6)","decl":{"start":{"line":3,"column":0},"end":{"line":3,"column":13}},"loc":{"start":{"line":3,"column":0},"end":{"line":7,"column":null}}},"1":{"name":"RelationTable","decl":{"start":{"line":4,"column":4},"end":{"line":4,"column":null}},"loc":{"start":{"line":4,"column":4},"end":{"line":6,"column":5}}}},"branchMap":{"0":{"loc":{"start":{"line":5,"column":8},"end":{"line":5,"column":15}},"type":"binary-expr","locations":[{"start":{"line":5,"column":8},"end":{"line":5,"column":15}},{"start":{"line":5,"column":15},"end":{"line":5,"column":null}}]}},"s":{"0":2,"1":2,"2":2,"3":2,"4":2,"5":2},"f":{"0":2,"1":2},"b":{"0":[2,2]}}
,"C:\\laragon\\www\\pd-ts\\src\\table\\Table.ts": {"path":"C:\\laragon\\www\\pd-ts\\src\\table\\Table.ts","statementMap":{"0":{"start":{"line":6,"column":0},"end":{"line":6,"column":13}},"1":{"start":{"line":7,"column":11},"end":{"line":7,"column":null}},"2":{"start":{"line":10,"column":11},"end":{"line":10,"column":null}},"3":{"start":{"line":11,"column":11},"end":{"line":11,"column":null}},"4":{"start":{"line":14,"column":0},"end":{"line":14,"column":null}},"5":{"start":{"line":6,"column":13},"end":{"line":6,"column":18}}},"fnMap":{"0":{"name":"(anonymous_0)","decl":{"start":{"line":6,"column":0},"end":{"line":6,"column":13}},"loc":{"start":{"line":6,"column":0},"end":{"line":14,"column":null}}},"1":{"name":"Table","decl":{"start":{"line":12,"column":4},"end":{"line":12,"column":null}},"loc":{"start":{"line":12,"column":4},"end":{"line":13,"column":5}}},"2":{"name":"(anonymous_2)","decl":{"start":{"line":10,"column":4},"end":{"line":10,"column":11}},"loc":{"start":{"line":10,"column":4},"end":{"line":10,"column":26}}},"3":{"name":"(anonymous_3)","decl":{"start":{"line":11,"column":4},"end":{"line":11,"column":11}},"loc":{"start":{"line":11,"column":4},"end":{"line":11,"column":24}}}},"branchMap":{},"s":{"0":2,"1":10,"2":2,"3":2,"4":2,"5":2},"f":{"0":2,"1":10,"2":0,"3":0},"b":{}}
,"C:\\laragon\\www\\pd-ts\\src\\utilities\\Utilities.ts": {"path":"C:\\laragon\\www\\pd-ts\\src\\utilities\\Utilities.ts","statementMap":{"0":{"start":{"line":1,"column":0},"end":{"line":1,"column":13}},"1":{"start":{"line":12,"column":11},"end":{"line":14,"column":null}},"2":{"start":{"line":13,"column":8},"end":{"line":13,"column":null}},"3":{"start":{"line":24,"column":11},"end":{"line":26,"column":null}},"4":{"start":{"line":24,"column":4},"end":{"line":24,"column":11}},"5":{"start":{"line":24,"column":41},"end":{"line":24,"column":null}},"6":{"start":{"line":25,"column":8},"end":{"line":25,"column":null}},"7":{"start":{"line":25,"column":49},"end":{"line":25,"column":69}},"8":{"start":{"line":25,"column":84},"end":{"line":25,"column":97}},"9":{"start":{"line":28,"column":18},"end":{"line":57,"column":null}},"10":{"start":{"line":29,"column":8},"end":{"line":56,"column":null}},"11":{"start":{"line":3,"column":11},"end":{"line":5,"column":null}},"12":{"start":{"line":58,"column":0},"end":{"line":58,"column":null}},"13":{"start":{"line":1,"column":13},"end":{"line":1,"column":22}}},"fnMap":{"0":{"name":"(anonymous_0)","decl":{"start":{"line":1,"column":0},"end":{"line":1,"column":13}},"loc":{"start":{"line":1,"column":0},"end":{"line":1,"column":13}}},"1":{"name":"(anonymous_2)","decl":{"start":{"line":12,"column":4},"end":{"line":12,"column":11}},"loc":{"start":{"line":12,"column":33},"end":{"line":14,"column":5}}},"2":{"name":"(anonymous_3)","decl":{"start":{"line":24,"column":4},"end":{"line":24,"column":11}},"loc":{"start":{"line":24,"column":71},"end":{"line":26,"column":5}}},"3":{"name":"(anonymous_4)","decl":{"start":{"line":25,"column":42},"end":{"line":25,"column":45}},"loc":{"start":{"line":25,"column":45},"end":{"line":25,"column":53}}},"4":{"name":"(anonymous_5)","decl":{"start":{"line":25,"column":77},"end":{"line":25,"column":80}},"loc":{"start":{"line":25,"column":80},"end":{"line":25,"column":85}}},"5":{"name":"(anonymous_6)","decl":{"start":{"line":28,"column":4},"end":{"line":28,"column":18}},"loc":{"start":{"line":28,"column":44},"end":{"line":57,"column":5}}}},"branchMap":{"0":{"loc":{"start":{"line":24,"column":41},"end":{"line":24,"column":null}},"type":"if","locations":[{"start":{"line":24,"column":41},"end":{"line":24,"column":null}},{"start":{"line":24,"column":41},"end":{"line":24,"column":null}}]}},"s":{"0":4,"1":4,"2":211,"3":4,"4":89,"5":89,"6":89,"7":211,"8":211,"9":4,"10":25,"11":4,"12":4,"13":4},"f":{"0":4,"1":211,"2":89,"3":211,"4":211,"5":25},"b":{"0":[0,89]}}
}
