{"C:\\laragon\\www\\pipe-dream-core-ts\\src\\entity\\Entity.ts": {"path":"C:\\laragon\\www\\pipe-dream-core-ts\\src\\entity\\Entity.ts","statementMap":{"0":{"start":{"line":1,"column":0},"end":{"line":1,"column":22}},"1":{"start":{"line":4,"column":0},"end":{"line":4,"column":null}},"2":{"start":{"line":1,"column":22},"end":{"line":1,"column":28}}},"fnMap":{"0":{"name":"(anonymous_0)","decl":{"start":{"line":1,"column":0},"end":{"line":1,"column":22}},"loc":{"start":{"line":1,"column":0},"end":{"line":4,"column":null}}},"1":{"name":"Entity","decl":{"start":{"line":2,"column":4},"end":{"line":2,"column":null}},"loc":{"start":{"line":2,"column":4},"end":{"line":3,"column":5}}}},"branchMap":{},"s":{"0":2,"1":2,"2":2},"f":{"0":2,"1":23},"b":{}}
,"C:\\laragon\\www\\pipe-dream-core-ts\\src\\entity\\EntityTypeResolver.ts": {"path":"C:\\laragon\\www\\pipe-dream-core-ts\\src\\entity\\EntityTypeResolver.ts","statementMap":{"0":{"start":{"line":2,"column":0},"end":{"line":2,"column":37}},"1":{"start":{"line":3,"column":0},"end":{"line":3,"column":37}},"2":{"start":{"line":4,"column":0},"end":{"line":4,"column":57}},"3":{"start":{"line":5,"column":0},"end":{"line":5,"column":68}},"4":{"start":{"line":7,"column":0},"end":{"line":7,"column":13}},"5":{"start":{"line":44,"column":11},"end":{"line":49,"column":null}},"6":{"start":{"line":45,"column":27},"end":{"line":45,"column":57}},"7":{"start":{"line":46,"column":8},"end":{"line":46,"column":null}},"8":{"start":{"line":46,"column":40},"end":{"line":46,"column":86}},"9":{"start":{"line":48,"column":8},"end":{"line":48,"column":null}},"10":{"start":{"line":20,"column":19},"end":{"line":35,"column":null}},"11":{"start":{"line":50,"column":0},"end":{"line":50,"column":null}},"12":{"start":{"line":7,"column":13},"end":{"line":7,"column":31}}},"fnMap":{"0":{"name":"(anonymous_0)","decl":{"start":{"line":7,"column":0},"end":{"line":7,"column":13}},"loc":{"start":{"line":7,"column":0},"end":{"line":7,"column":13}}},"1":{"name":"(anonymous_2)","decl":{"start":{"line":44,"column":4},"end":{"line":44,"column":11}},"loc":{"start":{"line":44,"column":31},"end":{"line":49,"column":5}}},"2":{"name":"(anonymous_3)","decl":{"start":{"line":46,"column":29},"end":{"line":46,"column":30}},"loc":{"start":{"line":46,"column":35},"end":{"line":46,"column":45}}}},"branchMap":{"0":{"loc":{"start":{"line":46,"column":62},"end":{"line":46,"column":77}},"type":"cond-expr","locations":[{"start":{"line":46,"column":62},"end":{"line":46,"column":77}},{"start":{"line":46,"column":80},"end":{"line":46,"column":85}}]}},"s":{"0":2,"1":2,"2":2,"3":2,"4":2,"5":2,"6":23,"7":23,"8":69,"9":23,"10":2,"11":2,"12":2},"f":{"0":2,"1":23,"2":69},"b":{"0":[27,42]}}
,"C:\\laragon\\www\\pipe-dream-core-ts\\src\\entity\\NotImplementedEntityType.ts": {"path":"C:\\laragon\\www\\pipe-dream-core-ts\\src\\entity\\NotImplementedEntityType.ts","statementMap":{"0":{"start":{"line":1,"column":0},"end":{"line":1,"column":32}},"1":{"start":{"line":8,"column":0},"end":{"line":8,"column":null}},"2":{"start":{"line":8,"column":46},"end":{"line":8,"column":52}},"3":{"start":{"line":10,"column":8},"end":{"line":10,"column":null}},"4":{"start":{"line":12,"column":0},"end":{"line":12,"column":null}},"5":{"start":{"line":8,"column":13},"end":{"line":8,"column":37}}},"fnMap":{"0":{"name":"(anonymous_6)","decl":{"start":{"line":8,"column":0},"end":{"line":8,"column":13}},"loc":{"start":{"line":8,"column":0},"end":{"line":12,"column":null}}},"1":{"name":"NotImplementedEntityType","decl":{"start":{"line":9,"column":4},"end":{"line":9,"column":null}},"loc":{"start":{"line":9,"column":4},"end":{"line":11,"column":5}}}},"branchMap":{"0":{"loc":{"start":{"line":10,"column":8},"end":{"line":10,"column":15}},"type":"binary-expr","locations":[{"start":{"line":10,"column":8},"end":{"line":10,"column":15}},{"start":{"line":10,"column":15},"end":{"line":10,"column":null}}]}},"s":{"0":2,"1":2,"2":2,"3":23,"4":2,"5":2},"f":{"0":2,"1":23},"b":{"0":[23,23]}}
,"C:\\laragon\\www\\pipe-dream-core-ts\\src\\file-loader\\index.ts": {"path":"C:\\laragon\\www\\pipe-dream-core-ts\\src\\file-loader\\index.ts","statementMap":{"0":{"start":{"line":1,"column":0},"end":{"line":1,"column":31}},"1":{"start":{"line":3,"column":0},"end":{"line":3,"column":13}},"2":{"start":{"line":5,"column":24},"end":{"line":16,"column":null}},"3":{"start":{"line":5,"column":42},"end":{"line":5,"column":null}},"4":{"start":{"line":6,"column":8},"end":{"line":15,"column":null}},"5":{"start":{"line":7,"column":12},"end":{"line":14,"column":null}},"6":{"start":{"line":9,"column":20},"end":{"line":10,"column":null}},"7":{"start":{"line":10,"column":24},"end":{"line":10,"column":null}},"8":{"start":{"line":11,"column":20},"end":{"line":12,"column":null}},"9":{"start":{"line":12,"column":24},"end":{"line":12,"column":null}},"10":{"start":{"line":13,"column":20},"end":{"line":13,"column":null}},"11":{"start":{"line":17,"column":0},"end":{"line":17,"column":null}},"12":{"start":{"line":3,"column":13},"end":{"line":3,"column":23}}},"fnMap":{"0":{"name":"(anonymous_12)","decl":{"start":{"line":3,"column":0},"end":{"line":3,"column":13}},"loc":{"start":{"line":3,"column":0},"end":{"line":17,"column":null}}},"1":{"name":"(anonymous_14)","decl":{"start":{"line":5,"column":4},"end":{"line":5,"column":24}},"loc":{"start":{"line":5,"column":65},"end":{"line":16,"column":null}}},"2":{"name":"(anonymous_17)","decl":{"start":{"line":6,"column":32},"end":{"line":6,"column":33}},"loc":{"start":{"line":6,"column":48},"end":{"line":15,"column":9}}},"3":{"name":"(anonymous_18)","decl":{"start":{"line":8,"column":22},"end":{"line":8,"column":23}},"loc":{"start":{"line":8,"column":36},"end":{"line":14,"column":17}}}},"branchMap":{"0":{"loc":{"start":{"line":5,"column":42},"end":{"line":5,"column":null}},"type":"if","locations":[{"start":{"line":5,"column":42},"end":{"line":5,"column":null}},{"start":{"line":5,"column":42},"end":{"line":5,"column":null}}]},"1":{"loc":{"start":{"line":9,"column":20},"end":{"line":10,"column":null}},"type":"if","locations":[{"start":{"line":9,"column":20},"end":{"line":10,"column":null}},{"start":{"line":9,"column":20},"end":{"line":10,"column":null}}]},"2":{"loc":{"start":{"line":11,"column":20},"end":{"line":12,"column":null}},"type":"if","locations":[{"start":{"line":11,"column":20},"end":{"line":12,"column":null}},{"start":{"line":11,"column":20},"end":{"line":12,"column":null}}]}},"s":{"0":2,"1":2,"2":2,"3":6,"4":3,"5":3,"6":2,"7":1,"8":1,"9":0,"10":1,"11":2,"12":2},"f":{"0":2,"1":3,"2":3,"3":2},"b":{"0":[3,0],"1":[1,1],"2":[0,1]}}
,"C:\\laragon\\www\\pipe-dream-core-ts\\src\\github-dump\\index.ts": {"path":"C:\\laragon\\www\\pipe-dream-core-ts\\src\\github-dump\\index.ts","statementMap":{"0":{"start":{"line":1,"column":13},"end":{"line":1,"column":null}}},"fnMap":{},"branchMap":{},"s":{"0":3},"f":{},"b":{}}
,"C:\\laragon\\www\\pipe-dream-core-ts\\src\\interfaces\\ISerializable.ts": {"path":"C:\\laragon\\www\\pipe-dream-core-ts\\src\\interfaces\\ISerializable.ts","statementMap":{"0":{"start":{"line":13,"column":4},"end":{"line":13,"column":58}},"1":{"start":{"line":13,"column":45},"end":{"line":13,"column":57}},"2":{"start":{"line":12,"column":0},"end":{"line":12,"column":16}}},"fnMap":{"0":{"name":"staticImplements","decl":{"start":{"line":12,"column":16},"end":{"line":12,"column":32}},"loc":{"start":{"line":12,"column":32},"end":{"line":14,"column":1}}},"1":{"name":"(anonymous_1)","decl":{"start":{"line":13,"column":11},"end":{"line":13,"column":25}},"loc":{"start":{"line":13,"column":39},"end":{"line":13,"column":57}}}},"branchMap":{},"s":{"0":1,"1":1,"2":1},"f":{"0":1,"1":1},"b":{}}
,"C:\\laragon\\www\\pipe-dream-core-ts\\src\\model\\Model.ts": {"path":"C:\\laragon\\www\\pipe-dream-core-ts\\src\\model\\Model.ts","statementMap":{"0":{"start":{"line":2,"column":0},"end":{"line":2,"column":56}},"1":{"start":{"line":7,"column":0},"end":{"line":7,"column":13}},"2":{"start":{"line":22,"column":8},"end":{"line":22,"column":null}},"3":{"start":{"line":23,"column":8},"end":{"line":23,"column":null}},"4":{"start":{"line":23,"column":49},"end":{"line":23,"column":81}},"5":{"start":{"line":24,"column":8},"end":{"line":24,"column":null}},"6":{"start":{"line":13,"column":18},"end":{"line":15,"column":null}},"7":{"start":{"line":14,"column":8},"end":{"line":14,"column":null}},"8":{"start":{"line":17,"column":11},"end":{"line":19,"column":null}},"9":{"start":{"line":18,"column":8},"end":{"line":18,"column":null}},"10":{"start":{"line":26,"column":0},"end":{"line":26,"column":null}},"11":{"start":{"line":7,"column":13},"end":{"line":7,"column":18}}},"fnMap":{"0":{"name":"(anonymous_0)","decl":{"start":{"line":7,"column":0},"end":{"line":7,"column":13}},"loc":{"start":{"line":7,"column":0},"end":{"line":26,"column":null}}},"1":{"name":"Model","decl":{"start":{"line":21,"column":4},"end":{"line":21,"column":16}},"loc":{"start":{"line":21,"column":50},"end":{"line":25,"column":5}}},"2":{"name":"(anonymous_2)","decl":{"start":{"line":23,"column":41},"end":{"line":23,"column":45}},"loc":{"start":{"line":23,"column":45},"end":{"line":23,"column":62}}},"3":{"name":"(anonymous_3)","decl":{"start":{"line":13,"column":4},"end":{"line":13,"column":18}},"loc":{"start":{"line":13,"column":4},"end":{"line":15,"column":5}}},"4":{"name":"(anonymous_4)","decl":{"start":{"line":17,"column":4},"end":{"line":17,"column":11}},"loc":{"start":{"line":17,"column":4},"end":{"line":19,"column":5}}}},"branchMap":{},"s":{"0":2,"1":2,"2":18,"3":18,"4":33,"5":18,"6":2,"7":0,"8":2,"9":0,"10":2,"11":2},"f":{"0":2,"1":18,"2":33,"3":0,"4":0},"b":{}}
,"C:\\laragon\\www\\pipe-dream-core-ts\\src\\property\\ModelProperty.ts": {"path":"C:\\laragon\\www\\pipe-dream-core-ts\\src\\property\\ModelProperty.ts","statementMap":{"0":{"start":{"line":1,"column":0},"end":{"line":1,"column":36}},"1":{"start":{"line":2,"column":0},"end":{"line":2,"column":49}},"2":{"start":{"line":3,"column":0},"end":{"line":3,"column":46}},"3":{"start":{"line":5,"column":0},"end":{"line":5,"column":null}},"4":{"start":{"line":5,"column":35},"end":{"line":5,"column":43}},"5":{"start":{"line":11,"column":8},"end":{"line":11,"column":null}},"6":{"start":{"line":85,"column":12},"end":{"line":130,"column":null}},"7":{"start":{"line":132,"column":12},"end":{"line":141,"column":null}},"8":{"start":{"line":16,"column":8},"end":{"line":16,"column":null}},"9":{"start":{"line":22,"column":8},"end":{"line":22,"column":null}},"10":{"start":{"line":29,"column":8},"end":{"line":29,"column":null}},"11":{"start":{"line":31,"column":8},"end":{"line":31,"column":null}},"12":{"start":{"line":39,"column":11},"end":{"line":55,"column":null}},"13":{"start":{"line":40,"column":20},"end":{"line":40,"column":56}},"14":{"start":{"line":41,"column":19},"end":{"line":41,"column":27}},"15":{"start":{"line":42,"column":8},"end":{"line":43,"column":null}},"16":{"start":{"line":43,"column":12},"end":{"line":43,"column":null}},"17":{"start":{"line":45,"column":21},"end":{"line":45,"column":35}},"18":{"start":{"line":47,"column":8},"end":{"line":48,"column":null}},"19":{"start":{"line":48,"column":12},"end":{"line":48,"column":null}},"20":{"start":{"line":50,"column":25},"end":{"line":50,"column":63}},"21":{"start":{"line":52,"column":8},"end":{"line":52,"column":null}},"22":{"start":{"line":53,"column":8},"end":{"line":53,"column":null}},"23":{"start":{"line":54,"column":8},"end":{"line":54,"column":null}},"24":{"start":{"line":57,"column":4},"end":{"line":77,"column":null}},"25":{"start":{"line":58,"column":31},"end":{"line":58,"column":33}},"26":{"start":{"line":59,"column":8},"end":{"line":62,"column":null}},"27":{"start":{"line":59,"column":36},"end":{"line":59,"column":65}},"28":{"start":{"line":59,"column":63},"end":{"line":59,"column":65}},"29":{"start":{"line":59,"column":19},"end":{"line":59,"column":20}},"30":{"start":{"line":59,"column":20},"end":{"line":59,"column":25}},"31":{"start":{"line":59,"column":27},"end":{"line":59,"column":31}},"32":{"start":{"line":60,"column":12},"end":{"line":61,"column":null}},"33":{"start":{"line":61,"column":16},"end":{"line":61,"column":null}},"34":{"start":{"line":64,"column":8},"end":{"line":67,"column":null}},"35":{"start":{"line":66,"column":12},"end":{"line":66,"column":null}},"36":{"start":{"line":69,"column":8},"end":{"line":69,"column":null}},"37":{"start":{"line":72,"column":8},"end":{"line":75,"column":null}},"38":{"start":{"line":73,"column":12},"end":{"line":74,"column":null}},"39":{"start":{"line":74,"column":16},"end":{"line":74,"column":null}},"40":{"start":{"line":76,"column":8},"end":{"line":76,"column":null}},"41":{"start":{"line":79,"column":4},"end":{"line":80,"column":null}},"42":{"start":{"line":142,"column":0},"end":{"line":142,"column":null}},"43":{"start":{"line":5,"column":13},"end":{"line":5,"column":26}},"44":{"start":{"line":144,"column":0},"end":{"line":144,"column":null}},"45":{"start":{"line":144,"column":44},"end":{"line":144,"column":49}},"46":{"start":{"line":146,"column":8},"end":{"line":146,"column":null}},"47":{"start":{"line":148,"column":0},"end":{"line":148,"column":null}},"48":{"start":{"line":144,"column":13},"end":{"line":144,"column":35}}},"fnMap":{"0":{"name":"(anonymous_10)","decl":{"start":{"line":5,"column":0},"end":{"line":5,"column":13}},"loc":{"start":{"line":5,"column":0},"end":{"line":142,"column":null}}},"1":{"name":"ModelProperty","decl":{"start":{"line":10,"column":4},"end":{"line":10,"column":16}},"loc":{"start":{"line":10,"column":65},"end":{"line":32,"column":5}}},"2":{"name":"(anonymous_12)","decl":{"start":{"line":39,"column":4},"end":{"line":39,"column":11}},"loc":{"start":{"line":39,"column":37},"end":{"line":55,"column":5}}},"3":{"name":"(anonymous_13)","decl":{"start":{"line":57,"column":4},"end":{"line":57,"column":19}},"loc":{"start":{"line":57,"column":4},"end":{"line":77,"column":5}}},"4":{"name":"(anonymous_14)","decl":{"start":{"line":79,"column":4},"end":{"line":79,"column":17}},"loc":{"start":{"line":79,"column":4},"end":{"line":80,"column":5}}},"5":{"name":"(anonymous_15)","decl":{"start":{"line":144,"column":0},"end":{"line":144,"column":13}},"loc":{"start":{"line":144,"column":0},"end":{"line":148,"column":null}}},"6":{"name":"ModelPropertyException","decl":{"start":{"line":145,"column":4},"end":{"line":145,"column":16}},"loc":{"start":{"line":145,"column":28},"end":{"line":147,"column":5}}}},"branchMap":{"0":{"loc":{"start":{"line":11,"column":8},"end":{"line":11,"column":35}},"type":"binary-expr","locations":[{"start":{"line":11,"column":8},"end":{"line":11,"column":35}},{"start":{"line":11,"column":35},"end":{"line":11,"column":null}}]},"1":{"loc":{"start":{"line":42,"column":8},"end":{"line":43,"column":null}},"type":"if","locations":[{"start":{"line":42,"column":8},"end":{"line":43,"column":null}},{"start":{"line":42,"column":8},"end":{"line":43,"column":null}}]},"2":{"loc":{"start":{"line":47,"column":8},"end":{"line":48,"column":null}},"type":"if","locations":[{"start":{"line":47,"column":8},"end":{"line":48,"column":null}},{"start":{"line":47,"column":8},"end":{"line":48,"column":null}}]},"3":{"loc":{"start":{"line":52,"column":21},"end":{"line":52,"column":34}},"type":"binary-expr","locations":[{"start":{"line":52,"column":21},"end":{"line":52,"column":34}},{"start":{"line":52,"column":38},"end":{"line":52,"column":42}}]},"4":{"loc":{"start":{"line":53,"column":23},"end":{"line":53,"column":52}},"type":"binary-expr","locations":[{"start":{"line":53,"column":23},"end":{"line":53,"column":52}},{"start":{"line":53,"column":52},"end":{"line":53,"column":56}}]},"5":{"loc":{"start":{"line":60,"column":12},"end":{"line":61,"column":null}},"type":"if","locations":[{"start":{"line":60,"column":12},"end":{"line":61,"column":null}},{"start":{"line":60,"column":12},"end":{"line":61,"column":null}}]},"6":{"loc":{"start":{"line":64,"column":8},"end":{"line":67,"column":null}},"type":"if","locations":[{"start":{"line":64,"column":8},"end":{"line":67,"column":null}},{"start":{"line":64,"column":8},"end":{"line":67,"column":null}}]},"7":{"loc":{"start":{"line":66,"column":23},"end":{"line":66,"column":57}},"type":"binary-expr","locations":[{"start":{"line":66,"column":23},"end":{"line":66,"column":57}},{"start":{"line":66,"column":61},"end":{"line":66,"column":69}}]},"8":{"loc":{"start":{"line":72,"column":8},"end":{"line":75,"column":null}},"type":"if","locations":[{"start":{"line":72,"column":8},"end":{"line":75,"column":null}},{"start":{"line":72,"column":8},"end":{"line":75,"column":null}}]},"9":{"loc":{"start":{"line":73,"column":12},"end":{"line":74,"column":null}},"type":"if","locations":[{"start":{"line":73,"column":12},"end":{"line":74,"column":null}},{"start":{"line":73,"column":12},"end":{"line":74,"column":null}}]},"10":{"loc":{"start":{"line":146,"column":8},"end":{"line":146,"column":18}},"type":"binary-expr","locations":[{"start":{"line":146,"column":8},"end":{"line":146,"column":18}},{"start":{"line":146,"column":18},"end":{"line":146,"column":null}}]}},"s":{"0":3,"1":3,"2":3,"3":3,"4":3,"5":37,"6":37,"7":37,"8":37,"9":37,"10":37,"11":37,"12":3,"13":33,"14":33,"15":33,"16":0,"17":33,"18":33,"19":17,"20":16,"21":16,"22":16,"23":16,"24":3,"25":40,"26":40,"27":40,"28":40,"29":120,"30":120,"31":120,"32":120,"33":11,"34":40,"35":29,"36":40,"37":40,"38":1,"39":0,"40":40,"41":3,"42":3,"43":3,"44":3,"45":3,"46":0,"47":3,"48":3},"f":{"0":3,"1":37,"2":33,"3":40,"4":0,"5":3,"6":0},"b":{"0":[37,37],"1":[0,33],"2":[17,16],"3":[16,0],"4":[16,0],"5":[11,109],"6":[29,11],"7":[29,23],"8":[1,39],"9":[0,1],"10":[0,0]}}
,"C:\\laragon\\www\\pipe-dream-core-ts\\src\\property\\Property.ts": {"path":"C:\\laragon\\www\\pipe-dream-core-ts\\src\\property\\Property.ts","statementMap":{"0":{"start":{"line":4,"column":0},"end":{"line":4,"column":22}},"1":{"start":{"line":11,"column":8},"end":{"line":11,"column":null}},"2":{"start":{"line":12,"column":8},"end":{"line":12,"column":null}},"3":{"start":{"line":13,"column":8},"end":{"line":13,"column":null}},"4":{"start":{"line":15,"column":0},"end":{"line":15,"column":null}},"5":{"start":{"line":4,"column":22},"end":{"line":4,"column":30}}},"fnMap":{"0":{"name":"(anonymous_0)","decl":{"start":{"line":4,"column":0},"end":{"line":4,"column":22}},"loc":{"start":{"line":4,"column":0},"end":{"line":15,"column":null}}},"1":{"name":"Property","decl":{"start":{"line":9,"column":4},"end":{"line":9,"column":26}},"loc":{"start":{"line":9,"column":75},"end":{"line":14,"column":5}}}},"branchMap":{},"s":{"0":3,"1":37,"2":37,"3":37,"4":3,"5":3},"f":{"0":3,"1":37},"b":{}}
,"C:\\laragon\\www\\pipe-dream-core-ts\\src\\schema\\Schema.ts": {"path":"C:\\laragon\\www\\pipe-dream-core-ts\\src\\schema\\Schema.ts","statementMap":{"0":{"start":{"line":4,"column":0},"end":{"line":4,"column":43}},"1":{"start":{"line":5,"column":0},"end":{"line":5,"column":76}},"2":{"start":{"line":6,"column":0},"end":{"line":6,"column":49}},"3":{"start":{"line":8,"column":24},"end":{"line":8,"column":32}},"4":{"start":{"line":9,"column":30},"end":{"line":9,"column":57}},"5":{"start":{"line":12,"column":0},"end":{"line":12,"column":13}},"6":{"start":{"line":12,"column":13},"end":{"line":12,"column":null}},"7":{"start":{"line":23,"column":18},"end":{"line":29,"column":null}},"8":{"start":{"line":24,"column":21},"end":{"line":24,"column":33}},"9":{"start":{"line":25,"column":8},"end":{"line":25,"column":null}},"10":{"start":{"line":26,"column":8},"end":{"line":26,"column":null}},"11":{"start":{"line":27,"column":8},"end":{"line":27,"column":null}},"12":{"start":{"line":27,"column":95},"end":{"line":27,"column":124}},"13":{"start":{"line":28,"column":8},"end":{"line":28,"column":null}},"14":{"start":{"line":31,"column":4},"end":{"line":33,"column":null}},"15":{"start":{"line":32,"column":8},"end":{"line":32,"column":18}},"16":{"start":{"line":35,"column":11},"end":{"line":37,"column":null}},"17":{"start":{"line":36,"column":8},"end":{"line":36,"column":null}},"18":{"start":{"line":36,"column":47},"end":{"line":36,"column":65}},"19":{"start":{"line":36,"column":88},"end":{"line":36,"column":109}},"20":{"start":{"line":39,"column":11},"end":{"line":44,"column":null}},"21":{"start":{"line":43,"column":8},"end":{"line":43,"column":null}},"22":{"start":{"line":43,"column":47},"end":{"line":43,"column":65}},"23":{"start":{"line":43,"column":88},"end":{"line":43,"column":102}},"24":{"start":{"line":46,"column":18},"end":{"line":48,"column":null}},"25":{"start":{"line":47,"column":8},"end":{"line":47,"column":null}},"26":{"start":{"line":12,"column":13},"end":{"line":51,"column":null}},"27":{"start":{"line":51,"column":0},"end":{"line":51,"column":null}},"28":{"start":{"line":12,"column":13},"end":{"line":12,"column":19}}},"fnMap":{"0":{"name":"(anonymous_1)","decl":{"start":{"line":12,"column":0},"end":{"line":12,"column":13}},"loc":{"start":{"line":12,"column":0},"end":{"line":12,"column":13}}},"1":{"name":"Schema","decl":{"start":{"line":19,"column":4},"end":{"line":19,"column":null}},"loc":{"start":{"line":19,"column":4},"end":{"line":21,"column":5}}},"2":{"name":"(anonymous_3)","decl":{"start":{"line":23,"column":4},"end":{"line":23,"column":18}},"loc":{"start":{"line":23,"column":42},"end":{"line":29,"column":5}}},"3":{"name":"(anonymous_4)","decl":{"start":{"line":27,"column":74},"end":{"line":27,"column":75}},"loc":{"start":{"line":27,"column":90},"end":{"line":27,"column":102}}},"4":{"name":"(anonymous_5)","decl":{"start":{"line":31,"column":4},"end":{"line":31,"column":13}},"loc":{"start":{"line":31,"column":4},"end":{"line":33,"column":5}}},"5":{"name":"(anonymous_6)","decl":{"start":{"line":35,"column":4},"end":{"line":35,"column":11}},"loc":{"start":{"line":35,"column":4},"end":{"line":37,"column":5}}},"6":{"name":"(anonymous_7)","decl":{"start":{"line":36,"column":36},"end":{"line":36,"column":43}},"loc":{"start":{"line":36,"column":43},"end":{"line":36,"column":54}}},"7":{"name":"(anonymous_8)","decl":{"start":{"line":36,"column":77},"end":{"line":36,"column":84}},"loc":{"start":{"line":36,"column":84},"end":{"line":36,"column":95}}},"8":{"name":"(anonymous_9)","decl":{"start":{"line":39,"column":4},"end":{"line":39,"column":11}},"loc":{"start":{"line":39,"column":4},"end":{"line":44,"column":5}}},"9":{"name":"(anonymous_10)","decl":{"start":{"line":43,"column":36},"end":{"line":43,"column":43}},"loc":{"start":{"line":43,"column":43},"end":{"line":43,"column":54}}},"10":{"name":"(anonymous_11)","decl":{"start":{"line":43,"column":77},"end":{"line":43,"column":84}},"loc":{"start":{"line":43,"column":84},"end":{"line":43,"column":95}}},"11":{"name":"(anonymous_12)","decl":{"start":{"line":46,"column":4},"end":{"line":46,"column":18}},"loc":{"start":{"line":46,"column":36},"end":{"line":48,"column":5}}}},"branchMap":{},"s":{"0":1,"1":1,"2":1,"3":1,"4":1,"5":1,"6":1,"7":1,"8":2,"9":2,"10":2,"11":2,"12":10,"13":2,"14":1,"15":0,"16":1,"17":1,"18":5,"19":3,"20":1,"21":1,"22":5,"23":2,"24":1,"25":2,"26":1,"27":1,"28":1},"f":{"0":1,"1":2,"2":2,"3":10,"4":0,"5":1,"6":5,"7":3,"8":1,"9":5,"10":2,"11":2},"b":{}}
,"C:\\laragon\\www\\pipe-dream-core-ts\\src\\segment\\Segment.ts": {"path":"C:\\laragon\\www\\pipe-dream-core-ts\\src\\segment\\Segment.ts","statementMap":{"0":{"start":{"line":2,"column":0},"end":{"line":2,"column":37}},"1":{"start":{"line":3,"column":0},"end":{"line":3,"column":37}},"2":{"start":{"line":4,"column":0},"end":{"line":4,"column":44}},"3":{"start":{"line":5,"column":0},"end":{"line":5,"column":64}},"4":{"start":{"line":6,"column":0},"end":{"line":6,"column":49}},"5":{"start":{"line":11,"column":0},"end":{"line":11,"column":13}},"6":{"start":{"line":23,"column":18},"end":{"line":37,"column":null}},"7":{"start":{"line":25,"column":8},"end":{"line":26,"column":null}},"8":{"start":{"line":26,"column":12},"end":{"line":26,"column":null}},"9":{"start":{"line":27,"column":31},"end":{"line":27,"column":44}},"10":{"start":{"line":28,"column":8},"end":{"line":28,"column":null}},"11":{"start":{"line":29,"column":20},"end":{"line":29,"column":55}},"12":{"start":{"line":30,"column":8},"end":{"line":30,"column":null}},"13":{"start":{"line":31,"column":8},"end":{"line":31,"column":null}},"14":{"start":{"line":32,"column":8},"end":{"line":32,"column":null}},"15":{"start":{"line":33,"column":8},"end":{"line":33,"column":null}},"16":{"start":{"line":34,"column":8},"end":{"line":34,"column":null}},"17":{"start":{"line":36,"column":8},"end":{"line":36,"column":null}},"18":{"start":{"line":39,"column":11},"end":{"line":41,"column":null}},"19":{"start":{"line":40,"column":8},"end":{"line":40,"column":null}},"20":{"start":{"line":43,"column":11},"end":{"line":45,"column":null}},"21":{"start":{"line":44,"column":8},"end":{"line":44,"column":null}},"22":{"start":{"line":47,"column":11},"end":{"line":51,"column":null}},"23":{"start":{"line":48,"column":8},"end":{"line":49,"column":null}},"24":{"start":{"line":49,"column":12},"end":{"line":49,"column":null}},"25":{"start":{"line":50,"column":8},"end":{"line":50,"column":14}},"26":{"start":{"line":53,"column":11},"end":{"line":56,"column":null}},"27":{"start":{"line":54,"column":8},"end":{"line":55,"column":null}},"28":{"start":{"line":55,"column":12},"end":{"line":55,"column":null}},"29":{"start":{"line":58,"column":11},"end":{"line":60,"column":null}},"30":{"start":{"line":59,"column":8},"end":{"line":59,"column":null}},"31":{"start":{"line":62,"column":11},"end":{"line":64,"column":null}},"32":{"start":{"line":63,"column":8},"end":{"line":63,"column":null}},"33":{"start":{"line":65,"column":0},"end":{"line":65,"column":null}},"34":{"start":{"line":11,"column":13},"end":{"line":11,"column":20}}},"fnMap":{"0":{"name":"(anonymous_2)","decl":{"start":{"line":11,"column":0},"end":{"line":11,"column":13}},"loc":{"start":{"line":11,"column":0},"end":{"line":65,"column":null}}},"1":{"name":"Segment","decl":{"start":{"line":20,"column":4},"end":{"line":20,"column":null}},"loc":{"start":{"line":20,"column":4},"end":{"line":21,"column":5}}},"2":{"name":"(anonymous_4)","decl":{"start":{"line":23,"column":4},"end":{"line":23,"column":18}},"loc":{"start":{"line":23,"column":42},"end":{"line":37,"column":5}}},"3":{"name":"(anonymous_5)","decl":{"start":{"line":39,"column":4},"end":{"line":39,"column":11}},"loc":{"start":{"line":39,"column":4},"end":{"line":41,"column":5}}},"4":{"name":"(anonymous_6)","decl":{"start":{"line":43,"column":4},"end":{"line":43,"column":11}},"loc":{"start":{"line":43,"column":4},"end":{"line":45,"column":5}}},"5":{"name":"(anonymous_7)","decl":{"start":{"line":47,"column":4},"end":{"line":47,"column":11}},"loc":{"start":{"line":47,"column":4},"end":{"line":51,"column":5}}},"6":{"name":"(anonymous_8)","decl":{"start":{"line":53,"column":4},"end":{"line":53,"column":11}},"loc":{"start":{"line":53,"column":4},"end":{"line":56,"column":5}}},"7":{"name":"(anonymous_9)","decl":{"start":{"line":58,"column":4},"end":{"line":58,"column":11}},"loc":{"start":{"line":58,"column":4},"end":{"line":60,"column":5}}},"8":{"name":"(anonymous_10)","decl":{"start":{"line":62,"column":4},"end":{"line":62,"column":11}},"loc":{"start":{"line":62,"column":4},"end":{"line":64,"column":5}}}},"branchMap":{"0":{"loc":{"start":{"line":25,"column":8},"end":{"line":26,"column":null}},"type":"if","locations":[{"start":{"line":25,"column":8},"end":{"line":26,"column":null}},{"start":{"line":25,"column":8},"end":{"line":26,"column":null}}]},"1":{"loc":{"start":{"line":48,"column":8},"end":{"line":49,"column":null}},"type":"if","locations":[{"start":{"line":48,"column":8},"end":{"line":49,"column":null}},{"start":{"line":48,"column":8},"end":{"line":49,"column":null}}]},"2":{"loc":{"start":{"line":54,"column":8},"end":{"line":55,"column":null}},"type":"if","locations":[{"start":{"line":54,"column":8},"end":{"line":55,"column":null}},{"start":{"line":54,"column":8},"end":{"line":55,"column":null}}]}},"s":{"0":2,"1":2,"2":2,"3":2,"4":2,"5":2,"6":2,"7":25,"8":2,"9":23,"10":23,"11":23,"12":23,"13":23,"14":23,"15":23,"16":23,"17":23,"18":2,"19":1,"20":2,"21":23,"22":2,"23":23,"24":16,"25":7,"26":2,"27":23,"28":6,"29":2,"30":29,"31":2,"32":29,"33":2,"34":2},"f":{"0":2,"1":24,"2":25,"3":1,"4":23,"5":23,"6":23,"7":29,"8":29},"b":{"0":[2,23],"1":[16,7],"2":[6,17]}}
,"C:\\laragon\\www\\pipe-dream-core-ts\\src\\segment\\SegmentError.ts": {"path":"C:\\laragon\\www\\pipe-dream-core-ts\\src\\segment\\SegmentError.ts","statementMap":{"0":{"start":{"line":1,"column":0},"end":{"line":1,"column":null}},"1":{"start":{"line":1,"column":34},"end":{"line":1,"column":39}},"2":{"start":{"line":2,"column":4},"end":{"line":2,"column":16}},"3":{"start":{"line":3,"column":8},"end":{"line":4,"column":null}},"4":{"start":{"line":4,"column":12},"end":{"line":4,"column":null}},"5":{"start":{"line":5,"column":8},"end":{"line":5,"column":null}},"6":{"start":{"line":7,"column":0},"end":{"line":7,"column":null}},"7":{"start":{"line":1,"column":13},"end":{"line":1,"column":25}}},"fnMap":{"0":{"name":"(anonymous_6)","decl":{"start":{"line":1,"column":0},"end":{"line":1,"column":13}},"loc":{"start":{"line":1,"column":0},"end":{"line":7,"column":null}}},"1":{"name":"SegmentError","decl":{"start":{"line":2,"column":4},"end":{"line":2,"column":16}},"loc":{"start":{"line":2,"column":48},"end":{"line":6,"column":5}}}},"branchMap":{"0":{"loc":{"start":{"line":3,"column":8},"end":{"line":4,"column":null}},"type":"if","locations":[{"start":{"line":3,"column":8},"end":{"line":4,"column":null}},{"start":{"line":3,"column":8},"end":{"line":4,"column":null}}]},"1":{"loc":{"start":{"line":5,"column":8},"end":{"line":5,"column":22}},"type":"binary-expr","locations":[{"start":{"line":5,"column":8},"end":{"line":5,"column":22}},{"start":{"line":5,"column":22},"end":{"line":5,"column":null}}]}},"s":{"0":2,"1":2,"2":2,"3":2,"4":0,"5":2,"6":2,"7":2},"f":{"0":2,"1":2},"b":{"0":[0,2],"1":[2,0]}}
,"C:\\laragon\\www\\pipe-dream-core-ts\\src\\table\\ManyToManyTable.ts": {"path":"C:\\laragon\\www\\pipe-dream-core-ts\\src\\table\\ManyToManyTable.ts","statementMap":{"0":{"start":{"line":1,"column":0},"end":{"line":1,"column":46}},"1":{"start":{"line":3,"column":0},"end":{"line":3,"column":null}},"2":{"start":{"line":3,"column":37},"end":{"line":3,"column":50}},"3":{"start":{"line":6,"column":8},"end":{"line":6,"column":null}},"4":{"start":{"line":8,"column":0},"end":{"line":8,"column":null}},"5":{"start":{"line":3,"column":13},"end":{"line":3,"column":28}}},"fnMap":{"0":{"name":"(anonymous_6)","decl":{"start":{"line":3,"column":0},"end":{"line":3,"column":13}},"loc":{"start":{"line":3,"column":0},"end":{"line":8,"column":null}}},"1":{"name":"ManyToManyTable","decl":{"start":{"line":5,"column":4},"end":{"line":5,"column":null}},"loc":{"start":{"line":5,"column":4},"end":{"line":7,"column":5}}}},"branchMap":{"0":{"loc":{"start":{"line":6,"column":8},"end":{"line":6,"column":15}},"type":"binary-expr","locations":[{"start":{"line":6,"column":8},"end":{"line":6,"column":15}},{"start":{"line":6,"column":15},"end":{"line":6,"column":null}}]}},"s":{"0":2,"1":2,"2":2,"3":2,"4":2,"5":2},"f":{"0":2,"1":2},"b":{"0":[2,0]}}
,"C:\\laragon\\www\\pipe-dream-core-ts\\src\\table\\RelationTable.ts": {"path":"C:\\laragon\\www\\pipe-dream-core-ts\\src\\table\\RelationTable.ts","statementMap":{"0":{"start":{"line":1,"column":0},"end":{"line":1,"column":30}},"1":{"start":{"line":3,"column":0},"end":{"line":3,"column":null}},"2":{"start":{"line":3,"column":35},"end":{"line":3,"column":40}},"3":{"start":{"line":5,"column":8},"end":{"line":5,"column":null}},"4":{"start":{"line":7,"column":0},"end":{"line":7,"column":null}},"5":{"start":{"line":3,"column":13},"end":{"line":3,"column":26}}},"fnMap":{"0":{"name":"(anonymous_6)","decl":{"start":{"line":3,"column":0},"end":{"line":3,"column":13}},"loc":{"start":{"line":3,"column":0},"end":{"line":7,"column":null}}},"1":{"name":"RelationTable","decl":{"start":{"line":4,"column":4},"end":{"line":4,"column":null}},"loc":{"start":{"line":4,"column":4},"end":{"line":6,"column":5}}}},"branchMap":{"0":{"loc":{"start":{"line":5,"column":8},"end":{"line":5,"column":15}},"type":"binary-expr","locations":[{"start":{"line":5,"column":8},"end":{"line":5,"column":15}},{"start":{"line":5,"column":15},"end":{"line":5,"column":null}}]}},"s":{"0":2,"1":2,"2":2,"3":2,"4":2,"5":2},"f":{"0":2,"1":2},"b":{"0":[2,2]}}
,"C:\\laragon\\www\\pipe-dream-core-ts\\src\\table\\Table.ts": {"path":"C:\\laragon\\www\\pipe-dream-core-ts\\src\\table\\Table.ts","statementMap":{"0":{"start":{"line":6,"column":0},"end":{"line":6,"column":13}},"1":{"start":{"line":7,"column":11},"end":{"line":7,"column":null}},"2":{"start":{"line":10,"column":11},"end":{"line":10,"column":null}},"3":{"start":{"line":11,"column":11},"end":{"line":11,"column":null}},"4":{"start":{"line":14,"column":0},"end":{"line":14,"column":null}},"5":{"start":{"line":6,"column":13},"end":{"line":6,"column":18}}},"fnMap":{"0":{"name":"(anonymous_0)","decl":{"start":{"line":6,"column":0},"end":{"line":6,"column":13}},"loc":{"start":{"line":6,"column":0},"end":{"line":14,"column":null}}},"1":{"name":"Table","decl":{"start":{"line":12,"column":4},"end":{"line":12,"column":null}},"loc":{"start":{"line":12,"column":4},"end":{"line":13,"column":5}}},"2":{"name":"(anonymous_2)","decl":{"start":{"line":10,"column":4},"end":{"line":10,"column":11}},"loc":{"start":{"line":10,"column":4},"end":{"line":10,"column":26}}},"3":{"name":"(anonymous_3)","decl":{"start":{"line":11,"column":4},"end":{"line":11,"column":11}},"loc":{"start":{"line":11,"column":4},"end":{"line":11,"column":24}}}},"branchMap":{},"s":{"0":2,"1":10,"2":2,"3":2,"4":2,"5":2},"f":{"0":2,"1":10,"2":0,"3":0},"b":{}}
,"C:\\laragon\\www\\pipe-dream-core-ts\\src\\utilities\\Utilities.ts": {"path":"C:\\laragon\\www\\pipe-dream-core-ts\\src\\utilities\\Utilities.ts","statementMap":{"0":{"start":{"line":1,"column":0},"end":{"line":1,"column":13}},"1":{"start":{"line":12,"column":11},"end":{"line":14,"column":null}},"2":{"start":{"line":13,"column":8},"end":{"line":13,"column":null}},"3":{"start":{"line":24,"column":11},"end":{"line":26,"column":null}},"4":{"start":{"line":24,"column":4},"end":{"line":24,"column":11}},"5":{"start":{"line":24,"column":41},"end":{"line":24,"column":null}},"6":{"start":{"line":25,"column":8},"end":{"line":25,"column":null}},"7":{"start":{"line":25,"column":49},"end":{"line":25,"column":69}},"8":{"start":{"line":25,"column":84},"end":{"line":25,"column":97}},"9":{"start":{"line":28,"column":18},"end":{"line":57,"column":null}},"10":{"start":{"line":29,"column":8},"end":{"line":56,"column":null}},"11":{"start":{"line":3,"column":11},"end":{"line":5,"column":null}},"12":{"start":{"line":58,"column":0},"end":{"line":58,"column":null}},"13":{"start":{"line":1,"column":13},"end":{"line":1,"column":22}}},"fnMap":{"0":{"name":"(anonymous_0)","decl":{"start":{"line":1,"column":0},"end":{"line":1,"column":13}},"loc":{"start":{"line":1,"column":0},"end":{"line":1,"column":13}}},"1":{"name":"(anonymous_2)","decl":{"start":{"line":12,"column":4},"end":{"line":12,"column":11}},"loc":{"start":{"line":12,"column":33},"end":{"line":14,"column":5}}},"2":{"name":"(anonymous_3)","decl":{"start":{"line":24,"column":4},"end":{"line":24,"column":11}},"loc":{"start":{"line":24,"column":71},"end":{"line":26,"column":5}}},"3":{"name":"(anonymous_4)","decl":{"start":{"line":25,"column":42},"end":{"line":25,"column":45}},"loc":{"start":{"line":25,"column":45},"end":{"line":25,"column":53}}},"4":{"name":"(anonymous_5)","decl":{"start":{"line":25,"column":77},"end":{"line":25,"column":80}},"loc":{"start":{"line":25,"column":80},"end":{"line":25,"column":85}}},"5":{"name":"(anonymous_6)","decl":{"start":{"line":28,"column":4},"end":{"line":28,"column":18}},"loc":{"start":{"line":28,"column":44},"end":{"line":57,"column":5}}}},"branchMap":{"0":{"loc":{"start":{"line":24,"column":41},"end":{"line":24,"column":null}},"type":"if","locations":[{"start":{"line":24,"column":41},"end":{"line":24,"column":null}},{"start":{"line":24,"column":41},"end":{"line":24,"column":null}}]}},"s":{"0":3,"1":3,"2":145,"3":3,"4":72,"5":72,"6":72,"7":145,"8":145,"9":3,"10":8,"11":3,"12":3,"13":3},"f":{"0":3,"1":145,"2":72,"3":145,"4":145,"5":8},"b":{"0":[0,72]}}
}
