TN:
SF:C:\laragon\www\pipe-dream-core-ts\src\entity\Entity.ts
FN:1,(anonymous_0)
FN:2,Entity
FNF:2
FNH:2
FNDA:2,(anonymous_0)
FNDA:23,Entity
DA:1,2
DA:4,2
LF:2
LH:2
BRF:0
BRH:0
end_of_record
TN:
SF:C:\laragon\www\pipe-dream-core-ts\src\entity\EntityTypeResolver.ts
FN:7,(anonymous_0)
FN:44,(anonymous_2)
FN:46,(anonymous_3)
FNF:3
FNH:3
FNDA:2,(anonymous_0)
FNDA:23,(anonymous_2)
FNDA:69,(anonymous_3)
DA:2,2
DA:3,2
DA:4,2
DA:5,2
DA:7,2
DA:20,2
DA:44,2
DA:45,23
DA:46,69
DA:48,23
DA:50,2
LF:11
LH:11
BRDA:46,0,0,27
BRDA:46,0,1,42
BRF:2
BRH:2
end_of_record
TN:
SF:C:\laragon\www\pipe-dream-core-ts\src\entity\NotImplementedEntityType.ts
FN:8,(anonymous_6)
FN:9,NotImplementedEntityType
FNF:2
FNH:2
FNDA:2,(anonymous_6)
FNDA:23,NotImplementedEntityType
DA:1,2
DA:8,2
DA:10,23
DA:12,2
LF:4
LH:4
BRDA:10,0,0,23
BRDA:10,0,1,23
BRF:2
BRH:2
end_of_record
TN:
SF:C:\laragon\www\pipe-dream-core-ts\src\file-loader\index.ts
FN:3,(anonymous_12)
FN:5,(anonymous_14)
FN:6,(anonymous_17)
FN:8,(anonymous_18)
FNF:4
FNH:4
FNDA:2,(anonymous_12)
FNDA:3,(anonymous_14)
FNDA:3,(anonymous_17)
FNDA:2,(anonymous_18)
DA:1,2
DA:3,2
DA:5,6
DA:6,3
DA:7,3
DA:9,2
DA:10,1
DA:11,1
DA:12,0
DA:13,1
DA:17,2
LF:11
LH:10
BRDA:5,0,0,3
BRDA:5,0,1,0
BRDA:9,1,0,1
BRDA:9,1,1,1
BRDA:11,2,0,0
BRDA:11,2,1,1
BRF:6
BRH:4
end_of_record
TN:
SF:C:\laragon\www\pipe-dream-core-ts\src\github-dump\index.ts
FNF:0
FNH:0
DA:1,3
LF:1
LH:1
BRF:0
BRH:0
end_of_record
TN:
SF:C:\laragon\www\pipe-dream-core-ts\src\interfaces\ISerializable.ts
FN:12,staticImplements
FN:13,(anonymous_1)
FNF:2
FNH:2
FNDA:1,staticImplements
FNDA:1,(anonymous_1)
DA:12,1
DA:13,1
LF:2
LH:2
BRF:0
BRH:0
end_of_record
TN:
SF:C:\laragon\www\pipe-dream-core-ts\src\model\Model.ts
FN:7,(anonymous_0)
FN:21,Model
FN:23,(anonymous_2)
FN:13,(anonymous_3)
FN:17,(anonymous_4)
FNF:5
FNH:3
FNDA:2,(anonymous_0)
FNDA:18,Model
FNDA:33,(anonymous_2)
FNDA:0,(anonymous_3)
FNDA:0,(anonymous_4)
DA:2,2
DA:7,2
DA:13,2
DA:14,0
DA:17,2
DA:18,0
DA:22,18
DA:23,33
DA:24,18
DA:26,2
LF:10
LH:8
BRF:0
BRH:0
end_of_record
TN:
SF:C:\laragon\www\pipe-dream-core-ts\src\property\ModelProperty.ts
FN:5,(anonymous_10)
FN:10,ModelProperty
FN:39,(anonymous_12)
FN:57,(anonymous_13)
FN:79,(anonymous_14)
FN:144,(anonymous_15)
FN:145,ModelPropertyException
FNF:7
FNH:5
FNDA:3,(anonymous_10)
FNDA:37,ModelProperty
FNDA:33,(anonymous_12)
FNDA:40,(anonymous_13)
FNDA:0,(anonymous_14)
FNDA:3,(anonymous_15)
FNDA:0,ModelPropertyException
DA:1,3
DA:2,3
DA:3,3
DA:5,3
DA:11,37
DA:16,37
DA:22,37
DA:29,37
DA:31,37
DA:39,3
DA:40,33
DA:41,33
DA:42,33
DA:43,0
DA:45,33
DA:47,33
DA:48,17
DA:50,16
DA:52,16
DA:53,16
DA:54,16
DA:57,3
DA:58,40
DA:59,120
DA:60,120
DA:61,11
DA:64,40
DA:66,29
DA:69,40
DA:72,40
DA:73,1
DA:74,0
DA:76,40
DA:79,3
DA:85,37
DA:132,37
DA:142,3
DA:144,3
DA:146,0
DA:148,3
LF:40
LH:37
BRDA:11,0,0,37
BRDA:11,0,1,37
BRDA:42,1,0,0
BRDA:42,1,1,33
BRDA:47,2,0,17
BRDA:47,2,1,16
BRDA:52,3,0,16
BRDA:52,3,1,0
BRDA:53,4,0,16
BRDA:53,4,1,0
BRDA:60,5,0,11
BRDA:60,5,1,109
BRDA:64,6,0,29
BRDA:64,6,1,11
BRDA:66,7,0,29
BRDA:66,7,1,23
BRDA:72,8,0,1
BRDA:72,8,1,39
BRDA:73,9,0,0
BRDA:73,9,1,1
BRDA:146,10,0,0
BRDA:146,10,1,0
BRF:22
BRH:16
end_of_record
TN:
SF:C:\laragon\www\pipe-dream-core-ts\src\property\Property.ts
FN:4,(anonymous_0)
FN:9,Property
FNF:2
FNH:2
FNDA:3,(anonymous_0)
FNDA:37,Property
DA:4,3
DA:11,37
DA:12,37
DA:13,37
DA:15,3
LF:5
LH:5
BRF:0
BRH:0
end_of_record
TN:
SF:C:\laragon\www\pipe-dream-core-ts\src\schema\Schema.ts
FN:12,(anonymous_1)
FN:19,Schema
FN:23,(anonymous_3)
FN:27,(anonymous_4)
FN:31,(anonymous_5)
FN:35,(anonymous_6)
FN:36,(anonymous_7)
FN:36,(anonymous_8)
FN:39,(anonymous_9)
FN:43,(anonymous_10)
FN:43,(anonymous_11)
FN:46,(anonymous_12)
FNF:12
FNH:11
FNDA:1,(anonymous_1)
FNDA:2,Schema
FNDA:2,(anonymous_3)
FNDA:10,(anonymous_4)
FNDA:0,(anonymous_5)
FNDA:1,(anonymous_6)
FNDA:5,(anonymous_7)
FNDA:3,(anonymous_8)
FNDA:1,(anonymous_9)
FNDA:5,(anonymous_10)
FNDA:2,(anonymous_11)
FNDA:2,(anonymous_12)
DA:4,1
DA:5,1
DA:6,1
DA:8,1
DA:9,1
DA:12,1
DA:23,1
DA:24,2
DA:25,2
DA:26,2
DA:27,10
DA:28,2
DA:31,1
DA:32,0
DA:35,1
DA:36,5
DA:39,1
DA:43,5
DA:46,1
DA:47,2
DA:51,1
LF:21
LH:20
BRF:0
BRH:0
end_of_record
TN:
SF:C:\laragon\www\pipe-dream-core-ts\src\segment\Segment.ts
FN:11,(anonymous_2)
FN:20,Segment
FN:23,(anonymous_4)
FN:39,(anonymous_5)
FN:43,(anonymous_6)
FN:47,(anonymous_7)
FN:53,(anonymous_8)
FN:58,(anonymous_9)
FN:62,(anonymous_10)
FNF:9
FNH:9
FNDA:2,(anonymous_2)
FNDA:24,Segment
FNDA:25,(anonymous_4)
FNDA:1,(anonymous_5)
FNDA:23,(anonymous_6)
FNDA:23,(anonymous_7)
FNDA:23,(anonymous_8)
FNDA:29,(anonymous_9)
FNDA:29,(anonymous_10)
DA:2,2
DA:3,2
DA:4,2
DA:5,2
DA:6,2
DA:11,2
DA:23,2
DA:25,25
DA:26,2
DA:27,23
DA:28,23
DA:29,23
DA:30,23
DA:31,23
DA:32,23
DA:33,23
DA:34,23
DA:36,23
DA:39,2
DA:40,1
DA:43,2
DA:44,23
DA:47,2
DA:48,23
DA:49,16
DA:50,7
DA:53,2
DA:54,23
DA:55,6
DA:58,2
DA:59,29
DA:62,2
DA:63,29
DA:65,2
LF:34
LH:34
BRDA:25,0,0,2
BRDA:25,0,1,23
BRDA:48,1,0,16
BRDA:48,1,1,7
BRDA:54,2,0,6
BRDA:54,2,1,17
BRF:6
BRH:6
end_of_record
TN:
SF:C:\laragon\www\pipe-dream-core-ts\src\segment\SegmentError.ts
FN:1,(anonymous_6)
FN:2,SegmentError
FNF:2
FNH:2
FNDA:2,(anonymous_6)
FNDA:2,SegmentError
DA:1,2
DA:2,2
DA:3,2
DA:4,0
DA:5,2
DA:7,2
LF:6
LH:5
BRDA:3,0,0,0
BRDA:3,0,1,2
BRDA:5,1,0,2
BRDA:5,1,1,0
BRF:4
BRH:2
end_of_record
TN:
SF:C:\laragon\www\pipe-dream-core-ts\src\table\ManyToManyTable.ts
FN:3,(anonymous_6)
FN:5,ManyToManyTable
FNF:2
FNH:2
FNDA:2,(anonymous_6)
FNDA:2,ManyToManyTable
DA:1,2
DA:3,2
DA:6,2
DA:8,2
LF:4
LH:4
BRDA:6,0,0,2
BRDA:6,0,1,0
BRF:2
BRH:1
end_of_record
TN:
SF:C:\laragon\www\pipe-dream-core-ts\src\table\RelationTable.ts
FN:3,(anonymous_6)
FN:4,RelationTable
FNF:2
FNH:2
FNDA:2,(anonymous_6)
FNDA:2,RelationTable
DA:1,2
DA:3,2
DA:5,2
DA:7,2
LF:4
LH:4
BRDA:5,0,0,2
BRDA:5,0,1,2
BRF:2
BRH:2
end_of_record
TN:
SF:C:\laragon\www\pipe-dream-core-ts\src\table\Table.ts
FN:6,(anonymous_0)
FN:12,Table
FN:10,(anonymous_2)
FN:11,(anonymous_3)
FNF:4
FNH:2
FNDA:2,(anonymous_0)
FNDA:10,Table
FNDA:0,(anonymous_2)
FNDA:0,(anonymous_3)
DA:6,2
DA:7,10
DA:10,2
DA:11,2
DA:14,2
LF:5
LH:5
BRF:0
BRH:0
end_of_record
TN:
SF:C:\laragon\www\pipe-dream-core-ts\src\utilities\Utilities.ts
FN:1,(anonymous_0)
FN:12,(anonymous_2)
FN:24,(anonymous_3)
FN:25,(anonymous_4)
FN:25,(anonymous_5)
FN:28,(anonymous_6)
FNF:6
FNH:6
FNDA:3,(anonymous_0)
FNDA:145,(anonymous_2)
FNDA:72,(anonymous_3)
FNDA:145,(anonymous_4)
FNDA:145,(anonymous_5)
FNDA:8,(anonymous_6)
DA:1,3
DA:3,3
DA:12,3
DA:13,145
DA:24,72
DA:25,145
DA:28,3
DA:29,8
DA:58,3
LF:9
LH:9
BRDA:24,0,0,0
BRDA:24,0,1,72
BRF:2
BRH:1
end_of_record
