TN:
SF:C:\laragon\www\pd-ts\src\entity\Entity.ts
FN:1,(anonymous_0)
FN:2,Entity
FNF:2
FNH:2
FNDA:3,(anonymous_0)
FNDA:43,Entity
DA:1,3
DA:4,3
LF:2
LH:2
BRF:0
BRH:0
end_of_record
TN:
SF:C:\laragon\www\pd-ts\src\entity\EntityTypeResolver.ts
FN:7,(anonymous_0)
FN:44,(anonymous_2)
FN:46,(anonymous_3)
FNF:3
FNH:3
FNDA:2,(anonymous_0)
FNDA:23,(anonymous_2)
FNDA:69,(anonymous_3)
DA:2,2
DA:3,2
DA:4,2
DA:5,2
DA:7,2
DA:20,2
DA:44,2
DA:45,23
DA:46,69
DA:48,23
DA:50,2
LF:11
LH:11
BRDA:46,0,0,27
BRDA:46,0,1,42
BRF:2
BRH:2
end_of_record
TN:
SF:C:\laragon\www\pd-ts\src\entity\NotImplementedEntityType.ts
FN:8,(anonymous_6)
FN:9,NotImplementedEntityType
FNF:2
FNH:2
FNDA:2,(anonymous_6)
FNDA:23,NotImplementedEntityType
DA:1,2
DA:8,2
DA:10,23
DA:12,2
LF:4
LH:4
BRDA:10,0,0,23
BRDA:10,0,1,23
BRF:2
BRH:2
end_of_record
TN:
SF:C:\laragon\www\pd-ts\src\exceptions\Exception.ts
FN:1,(anonymous_6)
FN:2,Exception
FNF:2
FNH:1
FNDA:3,(anonymous_6)
FNDA:0,Exception
DA:1,3
DA:2,0
DA:3,0
DA:4,0
DA:5,0
DA:7,3
LF:6
LH:2
BRDA:3,0,0,0
BRDA:3,0,1,0
BRDA:5,1,0,0
BRDA:5,1,1,0
BRF:4
BRH:0
end_of_record
TN:
SF:C:\laragon\www\pd-ts\src\file-loader\index.ts
FN:3,(anonymous_12)
FN:5,(anonymous_14)
FN:6,(anonymous_17)
FN:8,(anonymous_18)
FNF:4
FNH:4
FNDA:2,(anonymous_12)
FNDA:3,(anonymous_14)
FNDA:3,(anonymous_17)
FNDA:2,(anonymous_18)
DA:1,2
DA:3,2
DA:5,6
DA:6,3
DA:7,3
DA:9,2
DA:10,1
DA:11,1
DA:12,0
DA:13,1
DA:17,2
LF:11
LH:10
BRDA:5,0,0,3
BRDA:5,0,1,0
BRDA:9,1,0,1
BRDA:9,1,1,1
BRDA:11,2,0,0
BRDA:11,2,1,1
BRF:6
BRH:4
end_of_record
TN:
SF:C:\laragon\www\pd-ts\src\github-dump\index.ts
FNF:0
FNH:0
DA:1,4
LF:1
LH:1
BRF:0
BRH:0
end_of_record
TN:
SF:C:\laragon\www\pd-ts\src\interfaces\ISerializable.ts
FN:12,staticImplements
FN:13,(anonymous_1)
FNF:2
FNH:2
FNDA:4,staticImplements
FNDA:4,(anonymous_1)
DA:12,8
DA:13,4
LF:2
LH:2
BRF:0
BRH:0
end_of_record
TN:
SF:C:\laragon\www\pd-ts\src\model\Model.ts
FN:9,(anonymous_7)
FN:16,Model
FN:20,(anonymous_9)
FN:27,(anonymous_10)
FN:31,(anonymous_11)
FN:36,(anonymous_12)
FNF:6
FNH:5
FNDA:3,(anonymous_7)
FNDA:20,Model
FNDA:18,(anonymous_9)
FNDA:33,(anonymous_10)
FNDA:0,(anonymous_11)
FNDA:3,(anonymous_12)
DA:1,3
DA:2,3
DA:4,3
DA:5,3
DA:6,3
DA:9,3
DA:17,20
DA:20,3
DA:21,18
DA:22,1
DA:23,17
DA:24,17
DA:25,17
DA:26,17
DA:27,33
DA:28,17
DA:31,3
DA:32,0
DA:34,3
DA:36,3
DA:38,3
LF:21
LH:20
BRDA:17,0,0,20
BRDA:17,0,1,20
BRDA:21,1,0,1
BRDA:21,1,1,17
BRF:4
BRH:4
end_of_record
TN:
SF:C:\laragon\www\pd-ts\src\property\ModelProperty.ts
FN:5,(anonymous_10)
FN:11,ModelProperty
FN:40,(anonymous_12)
FN:58,(anonymous_13)
FN:80,(anonymous_14)
FN:145,(anonymous_15)
FN:146,ModelPropertyException
FNF:7
FNH:5
FNDA:4,(anonymous_10)
FNDA:37,ModelProperty
FNDA:33,(anonymous_12)
FNDA:40,(anonymous_13)
FNDA:0,(anonymous_14)
FNDA:4,(anonymous_15)
FNDA:0,ModelPropertyException
DA:1,4
DA:2,4
DA:3,4
DA:5,4
DA:12,37
DA:17,37
DA:23,37
DA:30,37
DA:32,37
DA:40,4
DA:41,33
DA:42,33
DA:43,33
DA:44,0
DA:46,33
DA:48,33
DA:49,17
DA:51,16
DA:53,16
DA:54,16
DA:55,16
DA:58,4
DA:59,40
DA:60,120
DA:61,120
DA:62,11
DA:65,40
DA:67,29
DA:70,40
DA:73,40
DA:74,1
DA:75,0
DA:77,40
DA:80,4
DA:86,37
DA:133,37
DA:143,4
DA:145,4
DA:147,0
DA:149,4
LF:40
LH:37
BRDA:12,0,0,37
BRDA:12,0,1,37
BRDA:43,1,0,0
BRDA:43,1,1,33
BRDA:48,2,0,17
BRDA:48,2,1,16
BRDA:53,3,0,16
BRDA:53,3,1,0
BRDA:54,4,0,16
BRDA:54,4,1,0
BRDA:61,5,0,11
BRDA:61,5,1,109
BRDA:65,6,0,29
BRDA:65,6,1,11
BRDA:67,7,0,29
BRDA:67,7,1,23
BRDA:73,8,0,1
BRDA:73,8,1,39
BRDA:74,9,0,0
BRDA:74,9,1,1
BRDA:147,10,0,0
BRDA:147,10,1,0
BRF:22
BRH:16
end_of_record
TN:
SF:C:\laragon\www\pd-ts\src\property\Property.ts
FN:4,(anonymous_0)
FN:9,Property
FNF:2
FNH:2
FNDA:4,(anonymous_0)
FNDA:37,Property
DA:4,4
DA:11,37
DA:12,37
DA:13,37
DA:15,4
LF:5
LH:5
BRF:0
BRH:0
end_of_record
TN:
SF:C:\laragon\www\pd-ts\src\schema\Schema.ts
FN:13,(anonymous_1)
FN:20,Schema
FN:24,(anonymous_3)
FN:28,(anonymous_4)
FN:32,(anonymous_5)
FN:36,(anonymous_6)
FN:37,(anonymous_7)
FN:37,(anonymous_8)
FN:40,(anonymous_9)
FN:42,(anonymous_10)
FN:42,(anonymous_11)
FN:45,(anonymous_12)
FN:46,(anonymous_13)
FN:49,(anonymous_14)
FN:53,(anonymous_15)
FN:54,(anonymous_16)
FN:54,(anonymous_17)
FNF:17
FNH:11
FNDA:1,(anonymous_1)
FNDA:2,Schema
FNDA:2,(anonymous_3)
FNDA:10,(anonymous_4)
FNDA:0,(anonymous_5)
FNDA:1,(anonymous_6)
FNDA:5,(anonymous_7)
FNDA:3,(anonymous_8)
FNDA:1,(anonymous_9)
FNDA:5,(anonymous_10)
FNDA:2,(anonymous_11)
FNDA:0,(anonymous_12)
FNDA:0,(anonymous_13)
FNDA:2,(anonymous_14)
FNDA:0,(anonymous_15)
FNDA:0,(anonymous_16)
FNDA:0,(anonymous_17)
DA:4,1
DA:5,1
DA:6,1
DA:7,1
DA:9,1
DA:10,1
DA:13,1
DA:24,1
DA:25,2
DA:26,2
DA:27,2
DA:28,10
DA:29,2
DA:32,1
DA:33,0
DA:36,1
DA:37,5
DA:40,1
DA:42,5
DA:45,1
DA:46,0
DA:49,1
DA:50,2
DA:53,1
DA:54,0
DA:56,1
LF:26
LH:23
BRF:0
BRH:0
end_of_record
TN:
SF:C:\laragon\www\pd-ts\src\segment\Segment.ts
FN:11,(anonymous_2)
FN:20,Segment
FN:23,(anonymous_4)
FN:39,(anonymous_5)
FN:43,(anonymous_6)
FN:47,(anonymous_7)
FN:53,(anonymous_8)
FN:58,(anonymous_9)
FN:62,(anonymous_10)
FNF:9
FNH:9
FNDA:2,(anonymous_2)
FNDA:24,Segment
FNDA:25,(anonymous_4)
FNDA:17,(anonymous_5)
FNDA:23,(anonymous_6)
FNDA:23,(anonymous_7)
FNDA:23,(anonymous_8)
FNDA:29,(anonymous_9)
FNDA:29,(anonymous_10)
DA:2,2
DA:3,2
DA:4,2
DA:5,2
DA:6,2
DA:11,2
DA:23,2
DA:25,25
DA:26,2
DA:27,23
DA:28,23
DA:29,23
DA:30,23
DA:31,23
DA:32,23
DA:33,23
DA:34,23
DA:36,23
DA:39,2
DA:40,17
DA:43,2
DA:44,23
DA:47,2
DA:48,23
DA:49,16
DA:50,7
DA:53,2
DA:54,23
DA:55,6
DA:58,2
DA:59,29
DA:62,2
DA:63,29
DA:65,2
LF:34
LH:34
BRDA:25,0,0,2
BRDA:25,0,1,23
BRDA:48,1,0,16
BRDA:48,1,1,7
BRDA:54,2,0,6
BRDA:54,2,1,17
BRF:6
BRH:6
end_of_record
TN:
SF:C:\laragon\www\pd-ts\src\segment\SegmentError.ts
FN:1,(anonymous_6)
FN:2,SegmentError
FNF:2
FNH:2
FNDA:2,(anonymous_6)
FNDA:2,SegmentError
DA:1,2
DA:2,2
DA:3,2
DA:4,0
DA:5,2
DA:7,2
LF:6
LH:5
BRDA:3,0,0,0
BRDA:3,0,1,2
BRDA:5,1,0,2
BRDA:5,1,1,0
BRF:4
BRH:2
end_of_record
TN:
SF:C:\laragon\www\pd-ts\src\table\ManyToManyTable.ts
FN:3,(anonymous_6)
FN:5,ManyToManyTable
FNF:2
FNH:2
FNDA:2,(anonymous_6)
FNDA:2,ManyToManyTable
DA:1,2
DA:3,2
DA:6,2
DA:8,2
LF:4
LH:4
BRDA:6,0,0,2
BRDA:6,0,1,0
BRF:2
BRH:1
end_of_record
TN:
SF:C:\laragon\www\pd-ts\src\table\RelationTable.ts
FN:3,(anonymous_6)
FN:4,RelationTable
FNF:2
FNH:2
FNDA:2,(anonymous_6)
FNDA:2,RelationTable
DA:1,2
DA:3,2
DA:5,2
DA:7,2
LF:4
LH:4
BRDA:5,0,0,2
BRDA:5,0,1,2
BRF:2
BRH:2
end_of_record
TN:
SF:C:\laragon\www\pd-ts\src\table\Table.ts
FN:6,(anonymous_0)
FN:12,Table
FN:10,(anonymous_2)
FN:11,(anonymous_3)
FNF:4
FNH:2
FNDA:2,(anonymous_0)
FNDA:10,Table
FNDA:0,(anonymous_2)
FNDA:0,(anonymous_3)
DA:6,2
DA:7,10
DA:10,2
DA:11,2
DA:14,2
LF:5
LH:5
BRF:0
BRH:0
end_of_record
TN:
SF:C:\laragon\www\pd-ts\src\utilities\Utilities.ts
FN:1,(anonymous_0)
FN:12,(anonymous_2)
FN:24,(anonymous_3)
FN:25,(anonymous_4)
FN:25,(anonymous_5)
FN:28,(anonymous_6)
FNF:6
FNH:6
FNDA:4,(anonymous_0)
FNDA:211,(anonymous_2)
FNDA:89,(anonymous_3)
FNDA:211,(anonymous_4)
FNDA:211,(anonymous_5)
FNDA:25,(anonymous_6)
DA:1,4
DA:3,4
DA:12,4
DA:13,211
DA:24,89
DA:25,211
DA:28,4
DA:29,25
DA:58,4
LF:9
LH:9
BRDA:24,0,0,0
BRDA:24,0,1,89
BRF:2
BRH:1
end_of_record
